<?xml version="1.0"?>
<!DOCTYPE coverage SYSTEM "http://cobertura.sourceforge.net/xml/coverage-04.dtd">

<coverage line-rate="0.7237354085603113" branch-rate="0.7274939172749392" lines-covered="1116" lines-valid="1542" branches-covered="598" branches-valid="822" complexity="2.596244131455399" version="1.9.4.1" timestamp="1476565108939">
	<sources>
		<source>--source</source>
		<source>C:/Workspaces/Workspace_Mars/prefixedproperties/pp-core/src/main/java</source>
	</sources>
	<packages>
		<package name="net.sf.prefixedproperties" line-rate="0.7206325301204819" branch-rate="0.727027027027027" complexity="2.7531645569620253">
			<classes>
				<class name="net.sf.prefixedproperties.PrefixedProperties" filename="net/sf/prefixedproperties/PrefixedProperties.java" line-rate="0.7366638441998307" branch-rate="0.7435530085959885" complexity="2.8043478260869565">
					<methods>
						<method name="&lt;init&gt;" signature="()V" line-rate="1.0" branch-rate="1.0">
							<lines>
								<line number="387" hits="231" branch="false"/>
								<line number="388" hits="231" branch="false"/>
							</lines>
						</method>
						<method name="&lt;init&gt;" signature="(Ljava/lang/String;)V" line-rate="0.375" branch-rate="1.0">
							<lines>
								<line number="378" hits="935" branch="false"/>
								<line number="380" hits="935" branch="false"/>
								<line number="382" hits="935" branch="false"/>
								<line number="453" hits="0" branch="false"/>
								<line number="454" hits="0" branch="false"/>
								<line number="455" hits="0" branch="false"/>
								<line number="456" hits="0" branch="false"/>
								<line number="457" hits="0" branch="false"/>
							</lines>
						</method>
						<method name="&lt;init&gt;" signature="(Ljava/util/Properties;)V" line-rate="0.0" branch-rate="0.0">
							<lines>
								<line number="443" hits="0" branch="false"/>
								<line number="444" hits="0" branch="true" condition-coverage="0% (0/2)">
									<conditions>
										<condition number="0" type="jump" coverage="0%"/>
									</conditions>
								</line>
								<line number="445" hits="0" branch="false"/>
								<line number="446" hits="0" branch="true" condition-coverage="0% (0/2)">
									<conditions>
										<condition number="0" type="jump" coverage="0%"/>
									</conditions>
								</line>
								<line number="447" hits="0" branch="false"/>
							</lines>
						</method>
						<method name="&lt;init&gt;" signature="(Lnet/sf/prefixedproperties/PrefixedProperties;Ljava/lang/String;)V" line-rate="0.0" branch-rate="1.0">
							<lines>
								<line number="432" hits="0" branch="false"/>
								<line number="433" hits="0" branch="false"/>
								<line number="434" hits="0" branch="false"/>
								<line number="435" hits="0" branch="false"/>
								<line number="436" hits="0" branch="false"/>
								<line number="437" hits="0" branch="false"/>
							</lines>
						</method>
						<method name="&lt;init&gt;" signature="(Lnet/sf/prefixedproperties/PrefixedProperties;Lnet/sf/prefixedproperties/config/PrefixConfig;)V" line-rate="1.0" branch-rate="1.0">
							<lines>
								<line number="421" hits="187" branch="false"/>
								<line number="422" hits="187" branch="false"/>
								<line number="423" hits="187" branch="false"/>
								<line number="424" hits="187" branch="false"/>
							</lines>
						</method>
						<method name="&lt;init&gt;" signature="(Lnet/sf/prefixedproperties/config/PrefixConfig;)V" line-rate="1.0" branch-rate="1.0">
							<lines>
								<line number="396" hits="517" branch="false"/>
								<line number="397" hits="517" branch="false"/>
								<line number="398" hits="517" branch="false"/>
							</lines>
						</method>
						<method name="&lt;init&gt;" signature="(Lnet/sf/prefixedproperties/config/PrefixConfig;Ljava/util/Properties;)V" line-rate="0.0" branch-rate="1.0">
							<lines>
								<line number="409" hits="0" branch="false"/>
								<line number="410" hits="0" branch="false"/>
								<line number="411" hits="0" branch="false"/>
							</lines>
						</method>
						<method name="access$000" signature="(Lnet/sf/prefixedproperties/PrefixedProperties;)Ljava/util/concurrent/locks/ReentrantReadWriteLock;" line-rate="1.0" branch-rate="1.0">
							<lines>
							</lines>
						</method>
						<method name="access$100" signature="(Lnet/sf/prefixedproperties/PrefixedProperties;Ljava/lang/Object;)Ljava/lang/Object;" line-rate="1.0" branch-rate="1.0">
							<lines>
								<line number="84" hits="246" branch="false"/>
							</lines>
						</method>
						<method name="access$4" signature="(Lnet/sf/prefixedproperties/PrefixedProperties;)Ljava/util/concurrent/locks/ReentrantReadWriteLock;" line-rate="1.0" branch-rate="1.0">
							<lines>
								<line number="376" hits="1361" branch="false"/>
							</lines>
						</method>
						<method name="access$5" signature="(Lnet/sf/prefixedproperties/PrefixedProperties;Ljava/lang/Object;)Ljava/lang/Object;" line-rate="1.0" branch-rate="1.0">
							<lines>
								<line number="1502" hits="161" branch="false"/>
							</lines>
						</method>
						<method name="checkAndConvertPrefix" signature="(Ljava/lang/String;)Ljava/lang/String;" line-rate="0.8888888888888888" branch-rate="0.75">
							<lines>
								<line number="458" hits="497" branch="true" condition-coverage="50% (1/2)">
									<conditions>
										<condition number="0" type="jump" coverage="50%"/>
									</conditions>
								</line>
								<line number="459" hits="0" branch="false"/>
								<line number="460" hits="284" branch="true" condition-coverage="50% (1/2)">
									<conditions>
										<condition number="0" type="jump" coverage="50%"/>
									</conditions>
								</line>
								<line number="461" hits="497" branch="false"/>
								<line number="462" hits="497" branch="true" condition-coverage="100% (2/2)">
									<conditions>
										<condition number="0" type="jump" coverage="100%"/>
									</conditions>
								</line>
								<line number="463" hits="312" branch="false"/>
								<line number="464" hits="284" branch="true" condition-coverage="100% (2/2)">
									<conditions>
										<condition number="0" type="jump" coverage="100%"/>
									</conditions>
								</line>
								<line number="465" hits="513" branch="false"/>
								<line number="467" hits="284" branch="false"/>
							</lines>
						</method>
						<method name="clear" signature="()V" line-rate="1.0" branch-rate="1.0">
							<lines>
								<line number="475" hits="266" branch="false"/>
								<line number="477" hits="418" branch="false"/>
								<line number="478" hits="228" branch="false"/>
								<line number="479" hits="418" branch="false"/>
								<line number="480" hits="114" branch="false"/>
								<line number="481" hits="418" branch="false"/>
								<line number="482" hits="76" branch="false"/>
								<line number="483" hits="152" branch="false"/>
							</lines>
						</method>
						<method name="clearDefaultPrefixes" signature="()V" line-rate="0.0" branch-rate="0.0">
							<lines>
								<line number="487" hits="0" branch="false"/>
								<line number="488" hits="0" branch="true" condition-coverage="0% (0/2)">
									<conditions>
										<condition number="0" type="jump" coverage="0%"/>
									</conditions>
								</line>
								<line number="489" hits="0" branch="false"/>
								<line number="490" hits="0" branch="true" condition-coverage="0% (0/2)">
									<conditions>
										<condition number="0" type="jump" coverage="0%"/>
									</conditions>
								</line>
								<line number="491" hits="0" branch="false"/>
								<line number="492" hits="0" branch="false"/>
								<line number="493" hits="0" branch="false"/>
							</lines>
						</method>
						<method name="clearLocalPrefixes" signature="()V" line-rate="0.0" branch-rate="0.0">
							<lines>
								<line number="497" hits="0" branch="false"/>
								<line number="498" hits="0" branch="true" condition-coverage="0% (0/2)">
									<conditions>
										<condition number="0" type="jump" coverage="0%"/>
									</conditions>
								</line>
								<line number="499" hits="0" branch="false"/>
								<line number="500" hits="0" branch="true" condition-coverage="0% (0/2)">
									<conditions>
										<condition number="0" type="jump" coverage="0%"/>
									</conditions>
								</line>
								<line number="501" hits="0" branch="false"/>
								<line number="502" hits="0" branch="false"/>
								<line number="503" hits="0" branch="false"/>
							</lines>
						</method>
						<method name="clone" signature="()Ljava/lang/Object;" line-rate="1.0" branch-rate="1.0">
							<lines>
							</lines>
						</method>
						<method name="clone" signature="()Lnet/sf/prefixedproperties/PrefixedProperties;" line-rate="0.7368421052631579" branch-rate="0.6">
							<lines>
								<line number="511" hits="21" branch="false"/>
								<line number="513" hits="33" branch="false"/>
								<line number="514" hits="21" branch="true" condition-coverage="50% (1/2)">
									<conditions>
										<condition number="0" type="jump" coverage="50%"/>
									</conditions>
								</line>
								<line number="515" hits="33" branch="false"/>
								<line number="516" hits="12" branch="true" condition-coverage="50% (1/2)">
									<conditions>
										<condition number="0" type="jump" coverage="50%"/>
									</conditions>
								</line>
								<line number="517" hits="33" branch="true" condition-coverage="50% (1/2)">
									<conditions>
										<condition number="0" type="jump" coverage="50%"/>
									</conditions>
								</line>
								<line number="518" hits="0" branch="false"/>
								<line number="519" hits="15" branch="true" condition-coverage="100% (2/2)">
									<conditions>
										<condition number="0" type="jump" coverage="100%"/>
									</conditions>
								</line>
								<line number="520" hits="21" branch="false"/>
								<line number="521" hits="24" branch="true" condition-coverage="50% (1/2)">
									<conditions>
										<condition number="0" type="jump" coverage="50%"/>
									</conditions>
								</line>
								<line number="522" hits="12" branch="false"/>
								<line number="523" hits="6" branch="false"/>
								<line number="524" hits="0" branch="false"/>
								<line number="525" hits="42" branch="false"/>
								<line number="526" hits="0" branch="false"/>
								<line number="527" hits="45" branch="false"/>
								<line number="528" hits="0" branch="false"/>
								<line number="529" hits="12" branch="false"/>
								<line number="530" hits="0" branch="false"/>
							</lines>
						</method>
						<method name="configureJsonParser" signature="(Lcom/fasterxml/jackson/core/JsonParser;)V" line-rate="1.0" branch-rate="1.0">
							<lines>
								<line number="532" hits="21" branch="false"/>
								<line number="533" hits="21" branch="false"/>
								<line number="534" hits="33" branch="false"/>
								<line number="535" hits="33" branch="false"/>
								<line number="536" hits="33" branch="false"/>
								<line number="537" hits="12" branch="false"/>
								<line number="538" hits="12" branch="false"/>
							</lines>
						</method>
						<method name="contains" signature="(Ljava/lang/Object;)Z" line-rate="0.8823529411764706" branch-rate="0.9285714285714286">
							<lines>
								<line number="545" hits="133" branch="false"/>
								<line number="547" hits="209" branch="true" condition-coverage="100% (2/2)">
									<conditions>
										<condition number="0" type="jump" coverage="100%"/>
									</conditions>
								</line>
								<line number="548" hits="8" branch="false"/>
								<line number="549" hits="76" branch="true" condition-coverage="100% (2/2)">
									<conditions>
										<condition number="0" type="jump" coverage="100%"/>
									</conditions>
								</line>
								<line number="550" hits="6" branch="false"/>
								<line number="551" hits="445" branch="true" condition-coverage="100% (2/2)">
									<conditions>
										<condition number="0" type="jump" coverage="100%"/>
									</conditions>
								</line>
								<line number="552" hits="309" branch="false"/>
								<line number="553" hits="488" branch="true" condition-coverage="100% (4/4)">
									<conditions>
										<condition number="0" type="jump" coverage="100%"/>
										<condition number="1" type="jump" coverage="100%"/>
									</conditions>
								</line>
								<line number="554" hits="254" branch="false"/>
								<line number="555" hits="182" branch="true" condition-coverage="75% (3/4)">
									<conditions>
										<condition number="0" type="jump" coverage="50%"/>
										<condition number="1" type="jump" coverage="100%"/>
									</conditions>
								</line>
								<line number="556" hits="89" branch="false"/>
								<line number="557" hits="72" branch="false"/>
								<line number="558" hits="75" branch="false"/>
								<line number="559" hits="187" branch="false"/>
								<line number="560" hits="0" branch="false"/>
								<line number="561" hits="76" branch="false"/>
								<line number="562" hits="0" branch="false"/>
							</lines>
						</method>
						<method name="containsKey" signature="(Ljava/lang/Object;)Z" line-rate="0.9285714285714286" branch-rate="0.5">
							<lines>
								<line number="570" hits="35" branch="false"/>
								<line number="572" hits="55" branch="true" condition-coverage="50% (1/2)">
									<conditions>
										<condition number="0" type="jump" coverage="50%"/>
									</conditions>
								</line>
								<line number="573" hits="28" branch="true" condition-coverage="25% (1/4)">
									<conditions>
										<condition number="0" type="jump" coverage="50%"/>
										<condition number="1" type="jump" coverage="0%"/>
									</conditions>
								</line>
								<line number="574" hits="48" branch="true" condition-coverage="100% (2/2)">
									<conditions>
										<condition number="0" type="jump" coverage="100%"/>
									</conditions>
								</line>
								<line number="575" hits="30" branch="true" condition-coverage="25% (1/4)">
									<conditions>
										<condition number="0" type="jump" coverage="50%"/>
										<condition number="1" type="jump" coverage="0%"/>
									</conditions>
								</line>
								<line number="576" hits="16" branch="true" condition-coverage="100% (2/2)">
									<conditions>
										<condition number="0" type="jump" coverage="100%"/>
									</conditions>
								</line>
								<line number="577" hits="32" branch="false"/>
								<line number="579" hits="18" branch="false"/>
								<line number="580" hits="0" branch="false"/>
								<line number="581" hits="6" branch="false"/>
								<line number="582" hits="35" branch="false"/>
								<line number="583" hits="8" branch="false"/>
								<line number="584" hits="20" branch="false"/>
								<line number="585" hits="2" branch="false"/>
							</lines>
						</method>
						<method name="containsValidPrefix" signature="(Ljava/lang/Object;)Z" line-rate="0.8" branch-rate="0.5">
							<lines>
								<line number="587" hits="4095" branch="true" condition-coverage="50% (2/4)">
									<conditions>
										<condition number="0" type="jump" coverage="50%"/>
										<condition number="1" type="jump" coverage="50%"/>
									</conditions>
								</line>
								<line number="588" hits="4095" branch="false"/>
								<line number="589" hits="2340" branch="true" condition-coverage="50% (2/4)">
									<conditions>
										<condition number="0" type="jump" coverage="50%"/>
										<condition number="1" type="jump" coverage="50%"/>
									</conditions>
								</line>
								<line number="590" hits="2340" branch="false"/>
								<line number="592" hits="0" branch="false"/>
							</lines>
						</method>
						<method name="containsValue" signature="(Ljava/lang/Object;)Z" line-rate="0.5714285714285714" branch-rate="1.0">
							<lines>
								<line number="600" hits="42" branch="false"/>
								<line number="602" hits="108" branch="false"/>
								<line number="603" hits="0" branch="false"/>
								<line number="604" hits="90" branch="false"/>
								<line number="605" hits="0" branch="false"/>
								<line number="606" hits="24" branch="false"/>
								<line number="607" hits="0" branch="false"/>
							</lines>
						</method>
						<method name="createCascadingPrefixProperties" signature="(Ljava/lang/String;)Lnet/sf/prefixedproperties/PrefixedProperties;" line-rate="0.0" branch-rate="0.0">
							<lines>
								<line number="349" hits="0" branch="true" condition-coverage="0% (0/2)">
									<conditions>
										<condition number="0" type="jump" coverage="0%"/>
									</conditions>
								</line>
								<line number="350" hits="0" branch="false"/>
								<line number="351" hits="0" branch="false"/>
							</lines>
						</method>
						<method name="createCascadingPrefixProperties" signature="(Ljava/util/List;)Lnet/sf/prefixedproperties/PrefixedProperties;" line-rate="0.0" branch-rate="0.0">
							<lines>
								<line number="310" hits="0" branch="false"/>
								<line number="311" hits="0" branch="true" condition-coverage="0% (0/2)">
									<conditions>
										<condition number="0" type="jump" coverage="0%"/>
									</conditions>
								</line>
								<line number="312" hits="0" branch="true" condition-coverage="0% (0/2)">
									<conditions>
										<condition number="0" type="jump" coverage="0%"/>
									</conditions>
								</line>
								<line number="313" hits="0" branch="true" condition-coverage="0% (0/2)">
									<conditions>
										<condition number="0" type="jump" coverage="0%"/>
									</conditions>
								</line>
								<line number="314" hits="0" branch="false"/>
								<line number="315" hits="0" branch="true" condition-coverage="0% (0/2)">
									<conditions>
										<condition number="0" type="jump" coverage="0%"/>
									</conditions>
								</line>
								<line number="317" hits="0" branch="false"/>
								<line number="318" hits="0" branch="false"/>
							</lines>
						</method>
						<method name="createCascadingPrefixProperties" signature="([Ljava/lang/String;)Lnet/sf/prefixedproperties/PrefixedProperties;" line-rate="0.0" branch-rate="0.0">
							<lines>
								<line number="363" hits="0" branch="false"/>
								<line number="364" hits="0" branch="true" condition-coverage="0% (0/2)">
									<conditions>
										<condition number="0" type="jump" coverage="0%"/>
									</conditions>
								</line>
								<line number="365" hits="0" branch="true" condition-coverage="0% (0/2)">
									<conditions>
										<condition number="0" type="jump" coverage="0%"/>
									</conditions>
								</line>
								<line number="366" hits="0" branch="false"/>
								<line number="367" hits="0" branch="false"/>
								<line number="368" hits="0" branch="false"/>
								<line number="371" hits="0" branch="false"/>
							</lines>
						</method>
						<method name="createCascadingPrefixProperties" signature="([Lnet/sf/prefixedproperties/config/PrefixConfig;)Lnet/sf/prefixedproperties/PrefixedProperties;" line-rate="1.0" branch-rate="0.75">
							<lines>
								<line number="329" hits="99" branch="false"/>
								<line number="330" hits="385" branch="true" condition-coverage="100% (2/2)">
									<conditions>
										<condition number="0" type="jump" coverage="100%"/>
									</conditions>
								</line>
								<line number="331" hits="286" branch="true" condition-coverage="100% (2/2)">
									<conditions>
										<condition number="0" type="jump" coverage="100%"/>
									</conditions>
								</line>
								<line number="332" hits="99" branch="true" condition-coverage="50% (1/2)">
									<conditions>
										<condition number="0" type="jump" coverage="50%"/>
									</conditions>
								</line>
								<line number="333" hits="72" branch="false"/>
								<line number="334" hits="187" branch="true" condition-coverage="50% (1/2)">
									<conditions>
										<condition number="0" type="jump" coverage="50%"/>
									</conditions>
								</line>
								<line number="337" hits="99" branch="false"/>
							</lines>
						</method>
						<method name="elements" signature="()Ljava/util/Enumeration;" line-rate="1.0" branch-rate="1.0">
							<lines>
							</lines>
						</method>
						<method name="elements" signature="()Lnet/sf/prefixedproperties/PrefixedPropertiesEnumeration;" line-rate="0.7777777777777778" branch-rate="1.0">
							<lines>
								<line number="616" hits="7" branch="false"/>
								<line number="618" hits="11" branch="false"/>
								<line number="619" hits="7" branch="false"/>
								<line number="620" hits="18" branch="false"/>
								<line number="621" hits="4" branch="false"/>
								<line number="622" hits="15" branch="false"/>
								<line number="623" hits="0" branch="false"/>
								<line number="624" hits="4" branch="false"/>
								<line number="625" hits="0" branch="false"/>
							</lines>
						</method>
						<method name="entrySet" signature="()Ljava/util/Set;" line-rate="0.8888888888888888" branch-rate="0.5714285714285714">
							<lines>
								<line number="633" hits="203" branch="false"/>
								<line number="634" hits="203" branch="false"/>
								<line number="635" hits="116" branch="false"/>
								<line number="636" hits="319" branch="true" condition-coverage="25% (1/4)">
									<conditions>
										<condition number="0" type="jump" coverage="50%"/>
										<condition number="1" type="jump" coverage="0%"/>
									</conditions>
								</line>
								<line number="637" hits="797" branch="true" condition-coverage="100% (2/2)">
									<conditions>
										<condition number="0" type="jump" coverage="100%"/>
									</conditions>
								</line>
								<line number="638" hits="606" branch="true" condition-coverage="25% (1/4)">
									<conditions>
										<condition number="0" type="jump" coverage="50%"/>
										<condition number="1" type="jump" coverage="0%"/>
									</conditions>
								</line>
								<line number="639" hits="804" branch="true" condition-coverage="100% (2/2)">
									<conditions>
										<condition number="0" type="jump" coverage="100%"/>
									</conditions>
								</line>
								<line number="640" hits="630" branch="false"/>
								<line number="641" hits="580" branch="true" condition-coverage="100% (2/2)">
									<conditions>
										<condition number="0" type="jump" coverage="100%"/>
									</conditions>
								</line>
								<line number="642" hits="340" branch="false"/>
								<line number="643" hits="100" branch="false"/>
								<line number="644" hits="150" branch="false"/>
								<line number="645" hits="406" branch="false"/>
								<line number="646" hits="140" branch="false"/>
								<line number="647" hits="435" branch="false"/>
								<line number="648" hits="0" branch="false"/>
								<line number="649" hits="116" branch="false"/>
								<line number="650" hits="0" branch="false"/>
							</lines>
						</method>
						<method name="equals" signature="(Ljava/lang/Object;)Z" line-rate="0.7307692307692307" branch-rate="0.4444444444444444">
							<lines>
								<line number="658" hits="21" branch="true" condition-coverage="50% (1/2)">
									<conditions>
										<condition number="0" type="jump" coverage="50%"/>
									</conditions>
								</line>
								<line number="659" hits="0" branch="false"/>
								<line number="660" hits="12" branch="true" condition-coverage="50% (1/2)">
									<conditions>
										<condition number="0" type="jump" coverage="50%"/>
									</conditions>
								</line>
								<line number="661" hits="21" branch="true" condition-coverage="100% (2/2)">
									<conditions>
										<condition number="0" type="jump" coverage="100%"/>
									</conditions>
								</line>
								<line number="662" hits="7" branch="false"/>
								<line number="663" hits="12" branch="true" condition-coverage="100% (2/2)">
									<conditions>
										<condition number="0" type="jump" coverage="100%"/>
									</conditions>
								</line>
								<line number="664" hits="18" branch="true" condition-coverage="50% (1/2)">
									<conditions>
										<condition number="0" type="jump" coverage="50%"/>
									</conditions>
								</line>
								<line number="665" hits="0" branch="false"/>
								<line number="666" hits="8" branch="true" condition-coverage="50% (1/2)">
									<conditions>
										<condition number="0" type="jump" coverage="50%"/>
									</conditions>
								</line>
								<line number="667" hits="14" branch="false"/>
								<line number="668" hits="14" branch="true" condition-coverage="50% (1/2)">
									<conditions>
										<condition number="0" type="jump" coverage="50%"/>
									</conditions>
								</line>
								<line number="669" hits="8" branch="true" condition-coverage="0% (0/2)">
									<conditions>
										<condition number="0" type="jump" coverage="0%"/>
									</conditions>
								</line>
								<line number="670" hits="8" branch="true" condition-coverage="50% (1/2)">
									<conditions>
										<condition number="0" type="jump" coverage="50%"/>
									</conditions>
								</line>
								<line number="671" hits="0" branch="true" condition-coverage="0% (0/2)">
									<conditions>
										<condition number="0" type="jump" coverage="0%"/>
									</conditions>
								</line>
								<line number="672" hits="14" branch="true" condition-coverage="50% (1/2)">
									<conditions>
										<condition number="0" type="jump" coverage="50%"/>
									</conditions>
								</line>
								<line number="673" hits="0" branch="false"/>
								<line number="674" hits="8" branch="true" condition-coverage="50% (1/2)">
									<conditions>
										<condition number="0" type="jump" coverage="50%"/>
									</conditions>
								</line>
								<line number="675" hits="14" branch="true" condition-coverage="50% (1/2)">
									<conditions>
										<condition number="0" type="jump" coverage="50%"/>
									</conditions>
								</line>
								<line number="676" hits="0" branch="true" condition-coverage="0% (0/2)">
									<conditions>
										<condition number="0" type="jump" coverage="0%"/>
									</conditions>
								</line>
								<line number="677" hits="8" branch="true" condition-coverage="50% (1/2)">
									<conditions>
										<condition number="0" type="jump" coverage="50%"/>
									</conditions>
								</line>
								<line number="678" hits="0" branch="true" condition-coverage="0% (0/2)">
									<conditions>
										<condition number="0" type="jump" coverage="0%"/>
									</conditions>
								</line>
								<line number="679" hits="14" branch="true" condition-coverage="50% (1/2)">
									<conditions>
										<condition number="0" type="jump" coverage="50%"/>
									</conditions>
								</line>
								<line number="680" hits="0" branch="false"/>
								<line number="681" hits="8" branch="true" condition-coverage="50% (1/2)">
									<conditions>
										<condition number="0" type="jump" coverage="50%"/>
									</conditions>
								</line>
								<line number="682" hits="14" branch="false"/>
								<line number="684" hits="8" branch="false"/>
							</lines>
						</method>
						<method name="get" signature="(Ljava/lang/Object;)Ljava/lang/Object;" line-rate="1.0" branch-rate="1.0">
							<lines>
								<line number="692" hits="616" branch="true" condition-coverage="100% (4/4)">
									<conditions>
										<condition number="0" type="jump" coverage="100%"/>
										<condition number="1" type="jump" coverage="100%"/>
									</conditions>
								</line>
								<line number="693" hits="616" branch="false"/>
								<line number="694" hits="352" branch="true" condition-coverage="100% (4/4)">
									<conditions>
										<condition number="0" type="jump" coverage="100%"/>
										<condition number="1" type="jump" coverage="100%"/>
									</conditions>
								</line>
								<line number="695" hits="352" branch="false"/>
							</lines>
						</method>
						<method name="get" signature="(Ljava/lang/Object;Z)Ljava/lang/Object;" line-rate="0.8333333333333334" branch-rate="1.0">
							<lines>
								<line number="702" hits="2912" branch="false"/>
								<line number="703" hits="2912" branch="false"/>
								<line number="704" hits="1664" branch="false"/>
								<line number="705" hits="4576" branch="false"/>
								<line number="706" hits="5408" branch="true" condition-coverage="100% (2/2)">
									<conditions>
										<condition number="0" type="jump" coverage="100%"/>
									</conditions>
								</line>
								<line number="707" hits="2700" branch="false"/>
								<line number="708" hits="4372" branch="true" condition-coverage="100% (2/2)">
									<conditions>
										<condition number="0" type="jump" coverage="100%"/>
									</conditions>
								</line>
								<line number="709" hits="592" branch="false"/>
								<line number="710" hits="3984" branch="true" condition-coverage="100% (2/2)">
									<conditions>
										<condition number="0" type="jump" coverage="100%"/>
									</conditions>
								</line>
								<line number="711" hits="2184" branch="true" condition-coverage="100% (2/2)">
									<conditions>
										<condition number="0" type="jump" coverage="100%"/>
									</conditions>
								</line>
								<line number="712" hits="2070" branch="true" condition-coverage="100% (2/2)">
									<conditions>
										<condition number="0" type="jump" coverage="100%"/>
									</conditions>
								</line>
								<line number="713" hits="1008" branch="true" condition-coverage="100% (2/2)">
									<conditions>
										<condition number="0" type="jump" coverage="100%"/>
									</conditions>
								</line>
								<line number="714" hits="6056" branch="false"/>
								<line number="715" hits="0" branch="false"/>
								<line number="716" hits="6240" branch="false"/>
								<line number="717" hits="0" branch="false"/>
								<line number="718" hits="1664" branch="false"/>
								<line number="719" hits="0" branch="false"/>
							</lines>
						</method>
						<method name="getArray" signature="(Ljava/lang/String;)[Ljava/lang/String;" line-rate="1.0" branch-rate="1.0">
							<lines>
								<line number="730" hits="112" branch="false"/>
								<line number="731" hits="112" branch="true" condition-coverage="100% (2/2)">
									<conditions>
										<condition number="0" type="jump" coverage="100%"/>
									</conditions>
								</line>
								<line number="732" hits="120" branch="false"/>
								<line number="733" hits="120" branch="true" condition-coverage="100% (2/2)">
									<conditions>
										<condition number="0" type="jump" coverage="100%"/>
									</conditions>
								</line>
								<line number="734" hits="32" branch="false"/>
								<line number="735" hits="88" branch="false"/>
								<line number="737" hits="32" branch="false"/>
							</lines>
						</method>
						<method name="getArray" signature="(Ljava/lang/String;[Ljava/lang/String;)[Ljava/lang/String;" line-rate="1.0" branch-rate="1.0">
							<lines>
								<line number="751" hits="14" branch="false"/>
								<line number="752" hits="14" branch="true" condition-coverage="100% (2/2)">
									<conditions>
										<condition number="0" type="jump" coverage="100%"/>
									</conditions>
								</line>
								<line number="753" hits="15" branch="false"/>
								<line number="754" hits="8" branch="true" condition-coverage="100% (2/2)">
									<conditions>
										<condition number="0" type="jump" coverage="100%"/>
									</conditions>
								</line>
								<line number="755" hits="11" branch="false"/>
								<line number="757" hits="4" branch="false"/>
							</lines>
						</method>
						<method name="getBoolean" signature="(Ljava/lang/String;)Z" line-rate="1.0" branch-rate="1.0">
							<lines>
								<line number="768" hits="7" branch="false"/>
								<line number="770" hits="4" branch="false"/>
							</lines>
						</method>
						<method name="getBoolean" signature="(Ljava/lang/String;Z)Z" line-rate="1.0" branch-rate="1.0">
							<lines>
								<line number="782" hits="14" branch="false"/>
								<line number="783" hits="14" branch="true" condition-coverage="100% (2/2)">
									<conditions>
										<condition number="0" type="jump" coverage="100%"/>
									</conditions>
								</line>
								<line number="784" hits="8" branch="false"/>
								<line number="785" hits="8" branch="true" condition-coverage="100% (2/2)">
									<conditions>
										<condition number="0" type="jump" coverage="100%"/>
									</conditions>
								</line>
							</lines>
						</method>
						<method name="getBooleanArray" signature="(Ljava/lang/String;)[Z" line-rate="1.0" branch-rate="1.0">
							<lines>
								<line number="795" hits="14" branch="false"/>
								<line number="796" hits="14" branch="true" condition-coverage="100% (2/2)">
									<conditions>
										<condition number="0" type="jump" coverage="100%"/>
									</conditions>
								</line>
								<line number="797" hits="15" branch="false"/>
								<line number="798" hits="36" branch="true" condition-coverage="100% (2/2)">
									<conditions>
										<condition number="0" type="jump" coverage="100%"/>
									</conditions>
								</line>
								<line number="799" hits="25" branch="false"/>
								<line number="800" hits="16" branch="true" condition-coverage="100% (2/2)">
									<conditions>
										<condition number="0" type="jump" coverage="100%"/>
									</conditions>
								</line>
								<line number="801" hits="19" branch="false"/>
								<line number="803" hits="11" branch="false"/>
								<line number="805" hits="4" branch="false"/>
							</lines>
						</method>
						<method name="getBooleanArray" signature="(Ljava/lang/String;[Z)[Z" line-rate="1.0" branch-rate="1.0">
							<lines>
								<line number="819" hits="14" branch="false"/>
								<line number="820" hits="14" branch="true" condition-coverage="100% (2/2)">
									<conditions>
										<condition number="0" type="jump" coverage="100%"/>
									</conditions>
								</line>
								<line number="821" hits="8" branch="false"/>
								<line number="822" hits="8" branch="true" condition-coverage="100% (2/2)">
									<conditions>
										<condition number="0" type="jump" coverage="100%"/>
									</conditions>
								</line>
							</lines>
						</method>
						<method name="getByte" signature="(Ljava/lang/String;)B" line-rate="1.0" branch-rate="1.0">
							<lines>
								<line number="831" hits="14" branch="false"/>
								<line number="832" hits="14" branch="true" condition-coverage="100% (2/2)">
									<conditions>
										<condition number="0" type="jump" coverage="100%"/>
									</conditions>
								</line>
								<line number="833" hits="15" branch="false"/>
								<line number="834" hits="8" branch="true" condition-coverage="100% (2/2)">
									<conditions>
										<condition number="0" type="jump" coverage="100%"/>
									</conditions>
								</line>
								<line number="835" hits="11" branch="false"/>
								<line number="837" hits="4" branch="false"/>
							</lines>
						</method>
						<method name="getByte" signature="(Ljava/lang/String;B)B" line-rate="1.0" branch-rate="1.0">
							<lines>
								<line number="850" hits="14" branch="false"/>
								<line number="851" hits="7" branch="false"/>
								<line number="852" hits="15" branch="false"/>
								<line number="853" hits="4" branch="false"/>
								<line number="854" hits="4" branch="false"/>
							</lines>
						</method>
						<method name="getByteArray" signature="(Ljava/lang/String;)[B" line-rate="1.0" branch-rate="1.0">
							<lines>
								<line number="864" hits="14" branch="false"/>
								<line number="865" hits="14" branch="true" condition-coverage="100% (2/2)">
									<conditions>
										<condition number="0" type="jump" coverage="100%"/>
									</conditions>
								</line>
								<line number="866" hits="15" branch="false"/>
								<line number="867" hits="36" branch="true" condition-coverage="100% (2/2)">
									<conditions>
										<condition number="0" type="jump" coverage="100%"/>
									</conditions>
								</line>
								<line number="868" hits="25" branch="false"/>
								<line number="869" hits="16" branch="true" condition-coverage="100% (2/2)">
									<conditions>
										<condition number="0" type="jump" coverage="100%"/>
									</conditions>
								</line>
								<line number="870" hits="19" branch="false"/>
								<line number="872" hits="11" branch="false"/>
								<line number="874" hits="4" branch="false"/>
							</lines>
						</method>
						<method name="getByteArray" signature="(Ljava/lang/String;[B)[B" line-rate="0.6666666666666666" branch-rate="1.0">
							<lines>
								<line number="886" hits="14" branch="false"/>
								<line number="887" hits="14" branch="true" condition-coverage="100% (2/2)">
									<conditions>
										<condition number="0" type="jump" coverage="100%"/>
									</conditions>
								</line>
								<line number="888" hits="8" branch="false"/>
								<line number="889" hits="8" branch="true" condition-coverage="100% (2/2)">
									<conditions>
										<condition number="0" type="jump" coverage="100%"/>
									</conditions>
								</line>
								<line number="890" hits="0" branch="false"/>
								<line number="891" hits="0" branch="false"/>
							</lines>
						</method>
						<method name="getCompleteProperties" signature="()Ljava/util/Properties;" line-rate="1.0" branch-rate="1.0">
							<lines>
								<line number="899" hits="42" branch="true" condition-coverage="100% (2/2)">
									<conditions>
										<condition number="0" type="jump" coverage="100%"/>
									</conditions>
								</line>
								<line number="900" hits="28" branch="false"/>
								<line number="901" hits="24" branch="true" condition-coverage="100% (2/2)">
									<conditions>
										<condition number="0" type="jump" coverage="100%"/>
									</conditions>
								</line>
								<line number="902" hits="30" branch="false"/>
								<line number="904" hits="8" branch="false"/>
							</lines>
						</method>
						<method name="getDouble" signature="(Ljava/lang/String;)D" line-rate="1.0" branch-rate="1.0">
							<lines>
								<line number="914" hits="14" branch="false"/>
								<line number="915" hits="14" branch="true" condition-coverage="100% (2/2)">
									<conditions>
										<condition number="0" type="jump" coverage="100%"/>
									</conditions>
								</line>
								<line number="916" hits="15" branch="false"/>
								<line number="917" hits="8" branch="true" condition-coverage="100% (2/2)">
									<conditions>
										<condition number="0" type="jump" coverage="100%"/>
									</conditions>
								</line>
								<line number="918" hits="11" branch="false"/>
								<line number="920" hits="4" branch="false"/>
							</lines>
						</method>
						<method name="getDouble" signature="(Ljava/lang/String;D)D" line-rate="1.0" branch-rate="1.0">
							<lines>
								<line number="933" hits="14" branch="false"/>
								<line number="934" hits="7" branch="false"/>
								<line number="935" hits="15" branch="false"/>
								<line number="936" hits="4" branch="false"/>
								<line number="937" hits="4" branch="false"/>
							</lines>
						</method>
						<method name="getDoubleArray" signature="(Ljava/lang/String;)[D" line-rate="1.0" branch-rate="1.0">
							<lines>
								<line number="948" hits="14" branch="false"/>
								<line number="949" hits="14" branch="true" condition-coverage="100% (2/2)">
									<conditions>
										<condition number="0" type="jump" coverage="100%"/>
									</conditions>
								</line>
								<line number="950" hits="15" branch="false"/>
								<line number="951" hits="36" branch="true" condition-coverage="100% (2/2)">
									<conditions>
										<condition number="0" type="jump" coverage="100%"/>
									</conditions>
								</line>
								<line number="952" hits="25" branch="false"/>
								<line number="953" hits="16" branch="true" condition-coverage="100% (2/2)">
									<conditions>
										<condition number="0" type="jump" coverage="100%"/>
									</conditions>
								</line>
								<line number="954" hits="19" branch="false"/>
								<line number="956" hits="11" branch="false"/>
								<line number="958" hits="4" branch="false"/>
							</lines>
						</method>
						<method name="getDoubleArray" signature="(Ljava/lang/String;[D)[D" line-rate="0.6666666666666666" branch-rate="1.0">
							<lines>
								<line number="973" hits="14" branch="false"/>
								<line number="974" hits="14" branch="true" condition-coverage="100% (2/2)">
									<conditions>
										<condition number="0" type="jump" coverage="100%"/>
									</conditions>
								</line>
								<line number="975" hits="8" branch="false"/>
								<line number="976" hits="8" branch="true" condition-coverage="100% (2/2)">
									<conditions>
										<condition number="0" type="jump" coverage="100%"/>
									</conditions>
								</line>
								<line number="977" hits="0" branch="false"/>
								<line number="978" hits="0" branch="false"/>
							</lines>
						</method>
						<method name="getEffectivePrefix" signature="()Ljava/lang/String;" line-rate="0.75" branch-rate="0.25">
							<lines>
								<line number="986" hits="119" branch="false"/>
								<line number="988" hits="187" branch="true" condition-coverage="25% (1/4)">
									<conditions>
										<condition number="0" type="jump" coverage="50%"/>
										<condition number="1" type="jump" coverage="0%"/>
									</conditions>
								</line>
								<line number="989" hits="238" branch="false"/>
								<line number="990" hits="68" branch="true" condition-coverage="25% (1/4)">
									<conditions>
										<condition number="0" type="jump" coverage="50%"/>
										<condition number="1" type="jump" coverage="0%"/>
									</conditions>
								</line>
								<line number="991" hits="255" branch="false"/>
								<line number="992" hits="0" branch="false"/>
								<line number="993" hits="68" branch="false"/>
								<line number="994" hits="0" branch="false"/>
							</lines>
						</method>
						<method name="getFloat" signature="(Ljava/lang/String;)F" line-rate="1.0" branch-rate="1.0">
							<lines>
								<line number="1003" hits="14" branch="false"/>
								<line number="1004" hits="14" branch="true" condition-coverage="100% (2/2)">
									<conditions>
										<condition number="0" type="jump" coverage="100%"/>
									</conditions>
								</line>
								<line number="1005" hits="15" branch="false"/>
								<line number="1006" hits="8" branch="true" condition-coverage="100% (2/2)">
									<conditions>
										<condition number="0" type="jump" coverage="100%"/>
									</conditions>
								</line>
								<line number="1007" hits="11" branch="false"/>
								<line number="1009" hits="4" branch="false"/>
							</lines>
						</method>
						<method name="getFloat" signature="(Ljava/lang/String;F)F" line-rate="1.0" branch-rate="1.0">
							<lines>
								<line number="1022" hits="14" branch="false"/>
								<line number="1023" hits="7" branch="false"/>
								<line number="1024" hits="15" branch="false"/>
								<line number="1025" hits="4" branch="false"/>
								<line number="1026" hits="4" branch="false"/>
							</lines>
						</method>
						<method name="getFloatArray" signature="(Ljava/lang/String;)[F" line-rate="1.0" branch-rate="1.0">
							<lines>
								<line number="1037" hits="14" branch="false"/>
								<line number="1038" hits="14" branch="true" condition-coverage="100% (2/2)">
									<conditions>
										<condition number="0" type="jump" coverage="100%"/>
									</conditions>
								</line>
								<line number="1039" hits="15" branch="false"/>
								<line number="1040" hits="36" branch="true" condition-coverage="100% (2/2)">
									<conditions>
										<condition number="0" type="jump" coverage="100%"/>
									</conditions>
								</line>
								<line number="1041" hits="25" branch="false"/>
								<line number="1042" hits="16" branch="true" condition-coverage="100% (2/2)">
									<conditions>
										<condition number="0" type="jump" coverage="100%"/>
									</conditions>
								</line>
								<line number="1043" hits="19" branch="false"/>
								<line number="1045" hits="11" branch="false"/>
								<line number="1047" hits="4" branch="false"/>
							</lines>
						</method>
						<method name="getFloatArray" signature="(Ljava/lang/String;[F)[F" line-rate="0.6666666666666666" branch-rate="1.0">
							<lines>
								<line number="1062" hits="14" branch="false"/>
								<line number="1063" hits="14" branch="true" condition-coverage="100% (2/2)">
									<conditions>
										<condition number="0" type="jump" coverage="100%"/>
									</conditions>
								</line>
								<line number="1064" hits="8" branch="false"/>
								<line number="1065" hits="8" branch="true" condition-coverage="100% (2/2)">
									<conditions>
										<condition number="0" type="jump" coverage="100%"/>
									</conditions>
								</line>
								<line number="1066" hits="0" branch="false"/>
								<line number="1067" hits="0" branch="false"/>
							</lines>
						</method>
						<method name="getInt" signature="(Ljava/lang/String;)I" line-rate="1.0" branch-rate="1.0">
							<lines>
								<line number="1077" hits="14" branch="false"/>
								<line number="1078" hits="14" branch="true" condition-coverage="100% (2/2)">
									<conditions>
										<condition number="0" type="jump" coverage="100%"/>
									</conditions>
								</line>
								<line number="1079" hits="15" branch="false"/>
								<line number="1080" hits="8" branch="true" condition-coverage="100% (2/2)">
									<conditions>
										<condition number="0" type="jump" coverage="100%"/>
									</conditions>
								</line>
								<line number="1081" hits="11" branch="false"/>
								<line number="1083" hits="4" branch="false"/>
							</lines>
						</method>
						<method name="getInt" signature="(Ljava/lang/String;I)I" line-rate="1.0" branch-rate="1.0">
							<lines>
								<line number="1097" hits="14" branch="false"/>
								<line number="1098" hits="7" branch="false"/>
								<line number="1099" hits="15" branch="false"/>
								<line number="1100" hits="4" branch="false"/>
								<line number="1101" hits="4" branch="false"/>
							</lines>
						</method>
						<method name="getIntArray" signature="(Ljava/lang/String;)[I" line-rate="1.0" branch-rate="1.0">
							<lines>
								<line number="1112" hits="14" branch="false"/>
								<line number="1113" hits="14" branch="true" condition-coverage="100% (2/2)">
									<conditions>
										<condition number="0" type="jump" coverage="100%"/>
									</conditions>
								</line>
								<line number="1114" hits="15" branch="false"/>
								<line number="1115" hits="36" branch="true" condition-coverage="100% (2/2)">
									<conditions>
										<condition number="0" type="jump" coverage="100%"/>
									</conditions>
								</line>
								<line number="1116" hits="25" branch="false"/>
								<line number="1117" hits="16" branch="true" condition-coverage="100% (2/2)">
									<conditions>
										<condition number="0" type="jump" coverage="100%"/>
									</conditions>
								</line>
								<line number="1118" hits="19" branch="false"/>
								<line number="1120" hits="11" branch="false"/>
								<line number="1122" hits="4" branch="false"/>
							</lines>
						</method>
						<method name="getIntArray" signature="(Ljava/lang/String;[I)[I" line-rate="0.6666666666666666" branch-rate="1.0">
							<lines>
								<line number="1137" hits="14" branch="false"/>
								<line number="1138" hits="14" branch="true" condition-coverage="100% (2/2)">
									<conditions>
										<condition number="0" type="jump" coverage="100%"/>
									</conditions>
								</line>
								<line number="1139" hits="8" branch="false"/>
								<line number="1140" hits="8" branch="true" condition-coverage="100% (2/2)">
									<conditions>
										<condition number="0" type="jump" coverage="100%"/>
									</conditions>
								</line>
								<line number="1141" hits="0" branch="false"/>
								<line number="1142" hits="0" branch="false"/>
							</lines>
						</method>
						<method name="getKeyMap" signature="(Z)Ljava/util/Map;" line-rate="1.0" branch-rate="1.0">
							<lines>
								<line number="1145" hits="336" branch="false"/>
								<line number="1147" hits="2082" branch="true" condition-coverage="100% (2/2)">
									<conditions>
										<condition number="0" type="jump" coverage="100%"/>
									</conditions>
								</line>
								<line number="1148" hits="1477" branch="true" condition-coverage="100% (2/2)">
									<conditions>
										<condition number="0" type="jump" coverage="100%"/>
									</conditions>
								</line>
								<line number="1149" hits="1998" branch="true" condition-coverage="100% (2/2)">
									<conditions>
										<condition number="0" type="jump" coverage="100%"/>
									</conditions>
								</line>
								<line number="1150" hits="1803" branch="true" condition-coverage="100% (2/2)">
									<conditions>
										<condition number="0" type="jump" coverage="100%"/>
									</conditions>
								</line>
								<line number="1151" hits="1695" branch="true" condition-coverage="100% (2/2)">
									<conditions>
										<condition number="0" type="jump" coverage="100%"/>
									</conditions>
								</line>
								<line number="1152" hits="912" branch="true" condition-coverage="100% (2/2)">
									<conditions>
										<condition number="0" type="jump" coverage="100%"/>
									</conditions>
								</line>
								<line number="1153" hits="729" branch="true" condition-coverage="100% (2/2)">
									<conditions>
										<condition number="0" type="jump" coverage="100%"/>
									</conditions>
								</line>
								<line number="1154" hits="208" branch="true" condition-coverage="100% (2/2)">
									<conditions>
										<condition number="0" type="jump" coverage="100%"/>
									</conditions>
								</line>
								<line number="1155" hits="258" branch="false"/>
								<line number="1156" hits="595" branch="false"/>
								<line number="1157" hits="54" branch="false"/>
								<line number="1158" hits="477" branch="false"/>
								<line number="1159" hits="537" branch="true" condition-coverage="100% (2/2)">
									<conditions>
										<condition number="0" type="jump" coverage="100%"/>
									</conditions>
								</line>
								<line number="1160" hits="456" branch="false"/>
								<line number="1161" hits="224" branch="true" condition-coverage="100% (2/2)">
									<conditions>
										<condition number="0" type="jump" coverage="100%"/>
									</conditions>
								</line>
								<line number="1162" hits="315" branch="false"/>
								<line number="1163" hits="336" branch="false"/>
								<line number="1164" hits="422" branch="false"/>
								<line number="1165" hits="192" branch="false"/>
							</lines>
						</method>
						<method name="getLong" signature="(Ljava/lang/String;)J" line-rate="1.0" branch-rate="1.0">
							<lines>
								<line number="1174" hits="14" branch="false"/>
								<line number="1175" hits="14" branch="true" condition-coverage="100% (2/2)">
									<conditions>
										<condition number="0" type="jump" coverage="100%"/>
									</conditions>
								</line>
								<line number="1176" hits="15" branch="false"/>
								<line number="1177" hits="8" branch="true" condition-coverage="100% (2/2)">
									<conditions>
										<condition number="0" type="jump" coverage="100%"/>
									</conditions>
								</line>
								<line number="1178" hits="11" branch="false"/>
								<line number="1180" hits="4" branch="false"/>
							</lines>
						</method>
						<method name="getLong" signature="(Ljava/lang/String;J)J" line-rate="1.0" branch-rate="1.0">
							<lines>
								<line number="1193" hits="14" branch="false"/>
								<line number="1194" hits="7" branch="false"/>
								<line number="1195" hits="15" branch="false"/>
								<line number="1196" hits="4" branch="false"/>
								<line number="1197" hits="4" branch="false"/>
							</lines>
						</method>
						<method name="getLongArray" signature="(Ljava/lang/String;)[J" line-rate="1.0" branch-rate="1.0">
							<lines>
								<line number="1208" hits="14" branch="false"/>
								<line number="1209" hits="14" branch="true" condition-coverage="100% (2/2)">
									<conditions>
										<condition number="0" type="jump" coverage="100%"/>
									</conditions>
								</line>
								<line number="1210" hits="15" branch="false"/>
								<line number="1211" hits="36" branch="true" condition-coverage="100% (2/2)">
									<conditions>
										<condition number="0" type="jump" coverage="100%"/>
									</conditions>
								</line>
								<line number="1212" hits="25" branch="false"/>
								<line number="1213" hits="16" branch="true" condition-coverage="100% (2/2)">
									<conditions>
										<condition number="0" type="jump" coverage="100%"/>
									</conditions>
								</line>
								<line number="1214" hits="19" branch="false"/>
								<line number="1216" hits="11" branch="false"/>
								<line number="1218" hits="4" branch="false"/>
							</lines>
						</method>
						<method name="getLongArray" signature="(Ljava/lang/String;[J)[J" line-rate="0.6666666666666666" branch-rate="1.0">
							<lines>
								<line number="1233" hits="14" branch="false"/>
								<line number="1234" hits="14" branch="true" condition-coverage="100% (2/2)">
									<conditions>
										<condition number="0" type="jump" coverage="100%"/>
									</conditions>
								</line>
								<line number="1235" hits="8" branch="false"/>
								<line number="1236" hits="8" branch="true" condition-coverage="100% (2/2)">
									<conditions>
										<condition number="0" type="jump" coverage="100%"/>
									</conditions>
								</line>
								<line number="1237" hits="0" branch="false"/>
								<line number="1238" hits="0" branch="false"/>
							</lines>
						</method>
						<method name="getPrefix" signature="(Ljava/lang/StringBuilder;Z)Ljava/lang/StringBuilder;" line-rate="0.75" branch-rate="0.5833333333333334">
							<lines>
								<line number="1241" hits="441" branch="true" condition-coverage="100% (2/2)">
									<conditions>
										<condition number="0" type="jump" coverage="100%"/>
									</conditions>
								</line>
								<line number="1242" hits="322" branch="false"/>
								<line number="1243" hits="252" branch="true" condition-coverage="100% (2/2)">
									<conditions>
										<condition number="0" type="jump" coverage="100%"/>
									</conditions>
								</line>
								<line number="1244" hits="184" branch="false"/>
								<line number="1245" hits="441" branch="true" condition-coverage="50% (1/2)">
									<conditions>
										<condition number="0" type="jump" coverage="50%"/>
									</conditions>
								</line>
								<line number="1246" hits="441" branch="true" condition-coverage="50% (1/2)">
									<conditions>
										<condition number="0" type="jump" coverage="50%"/>
									</conditions>
								</line>
								<line number="1247" hits="693" branch="true" condition-coverage="100% (2/2)">
									<conditions>
										<condition number="0" type="jump" coverage="100%"/>
									</conditions>
								</line>
								<line number="1248" hits="497" branch="true" condition-coverage="100% (2/2)">
									<conditions>
										<condition number="0" type="jump" coverage="100%"/>
									</conditions>
								</line>
								<line number="1249" hits="392" branch="true" condition-coverage="100% (2/2)">
									<conditions>
										<condition number="0" type="jump" coverage="100%"/>
									</conditions>
								</line>
								<line number="1250" hits="140" branch="true" condition-coverage="100% (2/2)">
									<conditions>
										<condition number="0" type="jump" coverage="100%"/>
									</conditions>
								</line>
								<line number="1251" hits="325" branch="false"/>
								<line number="1253" hits="350" branch="false"/>
								<line number="1254" hits="0" branch="true" condition-coverage="0% (0/2)">
									<conditions>
										<condition number="0" type="jump" coverage="0%"/>
									</conditions>
								</line>
								<line number="1255" hits="70" branch="true" condition-coverage="0% (0/2)">
									<conditions>
										<condition number="0" type="jump" coverage="0%"/>
									</conditions>
								</line>
								<line number="1256" hits="0" branch="true" condition-coverage="0% (0/2)">
									<conditions>
										<condition number="0" type="jump" coverage="0%"/>
									</conditions>
								</line>
								<line number="1257" hits="0" branch="true" condition-coverage="0% (0/2)">
									<conditions>
										<condition number="0" type="jump" coverage="0%"/>
									</conditions>
								</line>
								<line number="1258" hits="0" branch="false"/>
								<line number="1260" hits="0" branch="false"/>
								<line number="1262" hits="441" branch="false"/>
								<line number="1264" hits="252" branch="false"/>
							</lines>
						</method>
						<method name="getPrefixConfig" signature="()Lnet/sf/prefixedproperties/config/PrefixConfig;" line-rate="0.5714285714285714" branch-rate="1.0">
							<lines>
								<line number="1271" hits="2821" branch="false"/>
								<line number="1273" hits="7254" branch="false"/>
								<line number="1274" hits="0" branch="false"/>
								<line number="1275" hits="6045" branch="false"/>
								<line number="1276" hits="0" branch="false"/>
								<line number="1277" hits="1612" branch="false"/>
								<line number="1278" hits="0" branch="false"/>
							</lines>
						</method>
						<method name="getPrefixConfigs" signature="()Ljava/util/Map;" line-rate="1.0" branch-rate="1.0">
							<lines>
								<line number="1280" hits="1022" branch="false"/>
								<line number="1282" hits="584" branch="false"/>
							</lines>
						</method>
						<method name="getPrefixConfigs" signature="(Ljava/util/Map;)Ljava/util/Map;" line-rate="1.0" branch-rate="1.0">
							<lines>
								<line number="1284" hits="2527" branch="true" condition-coverage="100% (2/2)">
									<conditions>
										<condition number="0" type="jump" coverage="100%"/>
									</conditions>
								</line>
								<line number="1285" hits="1505" branch="false"/>
								<line number="1286" hits="1444" branch="true" condition-coverage="100% (2/2)">
									<conditions>
										<condition number="0" type="jump" coverage="100%"/>
									</conditions>
								</line>
								<line number="1287" hits="3387" branch="false"/>
								<line number="1288" hits="2527" branch="false"/>
								<line number="1289" hits="1444" branch="false"/>
								<line number="1290" hits="1444" branch="false"/>
							</lines>
						</method>
						<method name="getPrefixedKey" signature="(Ljava/lang/Object;Z)Ljava/lang/Object;" line-rate="0.9090909090909091" branch-rate="0.8333333333333334">
							<lines>
								<line number="1293" hits="2961" branch="true" condition-coverage="100% (2/2)">
									<conditions>
										<condition number="0" type="jump" coverage="100%"/>
									</conditions>
								</line>
								<line number="1294" hits="2786" branch="true" condition-coverage="100% (2/2)">
									<conditions>
										<condition number="0" type="jump" coverage="100%"/>
									</conditions>
								</line>
								<line number="1295" hits="2084" branch="true" condition-coverage="100% (2/2)">
									<conditions>
										<condition number="0" type="jump" coverage="100%"/>
									</conditions>
								</line>
								<line number="1296" hits="1592" branch="true" condition-coverage="100% (2/2)">
									<conditions>
										<condition number="0" type="jump" coverage="100%"/>
									</conditions>
								</line>
								<line number="1297" hits="2618" branch="true" condition-coverage="50% (1/2)">
									<conditions>
										<condition number="0" type="jump" coverage="50%"/>
									</conditions>
								</line>
								<line number="1298" hits="2394" branch="false"/>
								<line number="1299" hits="1368" branch="true" condition-coverage="50% (1/2)">
									<conditions>
										<condition number="0" type="jump" coverage="50%"/>
									</conditions>
								</line>
								<line number="1300" hits="1368" branch="false"/>
								<line number="1302" hits="0" branch="false"/>
								<line number="1304" hits="175" branch="false"/>
								<line number="1306" hits="100" branch="false"/>
							</lines>
						</method>
						<method name="getPrefixes" signature="()Ljava/util/Set;" line-rate="1.0" branch-rate="0.5">
							<lines>
								<line number="1308" hits="7" branch="true" condition-coverage="50% (1/2)">
									<conditions>
										<condition number="0" type="jump" coverage="50%"/>
									</conditions>
								</line>
								<line number="1310" hits="4" branch="true" condition-coverage="50% (1/2)">
									<conditions>
										<condition number="0" type="jump" coverage="50%"/>
									</conditions>
								</line>
							</lines>
						</method>
						<method name="getProperty" signature="(Ljava/lang/String;)Ljava/lang/String;" line-rate="1.0" branch-rate="0.6428571428571429">
							<lines>
								<line number="1323" hits="343" branch="false"/>
								<line number="1325" hits="539" branch="true" condition-coverage="25% (1/4)">
									<conditions>
										<condition number="0" type="jump" coverage="50%"/>
										<condition number="1" type="jump" coverage="0%"/>
									</conditions>
								</line>
								<line number="1326" hits="343" branch="false"/>
								<line number="1327" hits="539" branch="true" condition-coverage="50% (2/4)">
									<conditions>
										<condition number="0" type="jump" coverage="100%"/>
										<condition number="1" type="jump" coverage="0%"/>
									</conditions>
								</line>
								<line number="1328" hits="602" branch="false"/>
								<line number="1329" hits="196" branch="true" condition-coverage="100% (2/2)">
									<conditions>
										<condition number="0" type="jump" coverage="100%"/>
									</conditions>
								</line>
								<line number="1330" hits="372" branch="true" condition-coverage="100% (2/2)">
									<conditions>
										<condition number="0" type="jump" coverage="100%"/>
									</conditions>
								</line>
								<line number="1331" hits="152" branch="false"/>
								<line number="1332" hits="80" branch="true" condition-coverage="100% (2/2)">
									<conditions>
										<condition number="0" type="jump" coverage="100%"/>
									</conditions>
								</line>
								<line number="1333" hits="121" branch="false"/>
								<line number="1335" hits="10" branch="false"/>
								<line number="1336" hits="343" branch="false"/>
								<line number="1337" hits="8" branch="false"/>
								<line number="1338" hits="196" branch="false"/>
								<line number="1339" hits="2" branch="false"/>
							</lines>
						</method>
						<method name="getProperty" signature="(Ljava/lang/String;Ljava/lang/String;)Ljava/lang/String;" line-rate="1.0" branch-rate="0.5">
							<lines>
								<line number="1353" hits="7" branch="false"/>
								<line number="1354" hits="7" branch="true" condition-coverage="50% (1/2)">
									<conditions>
										<condition number="0" type="jump" coverage="50%"/>
									</conditions>
								</line>
								<line number="1355" hits="1" branch="false"/>
								<line number="1356" hits="4" branch="true" condition-coverage="50% (1/2)">
									<conditions>
										<condition number="0" type="jump" coverage="50%"/>
									</conditions>
								</line>
								<line number="1357" hits="3" branch="true" condition-coverage="50% (1/2)">
									<conditions>
										<condition number="0" type="jump" coverage="50%"/>
									</conditions>
								</line>
							</lines>
						</method>
						<method name="getShort" signature="(Ljava/lang/String;)S" line-rate="1.0" branch-rate="1.0">
							<lines>
								<line number="1365" hits="14" branch="false"/>
								<line number="1366" hits="14" branch="true" condition-coverage="100% (2/2)">
									<conditions>
										<condition number="0" type="jump" coverage="100%"/>
									</conditions>
								</line>
								<line number="1367" hits="9" branch="false"/>
								<line number="1368" hits="8" branch="true" condition-coverage="100% (2/2)">
									<conditions>
										<condition number="0" type="jump" coverage="100%"/>
									</conditions>
								</line>
								<line number="1369" hits="14" branch="true" condition-coverage="100% (2/2)">
									<conditions>
										<condition number="0" type="jump" coverage="100%"/>
									</conditions>
								</line>
								<line number="1370" hits="3" branch="false"/>
								<line number="1371" hits="1" branch="false"/>
								<line number="1372" hits="3" branch="false"/>
							</lines>
						</method>
						<method name="getShort" signature="(Ljava/lang/String;S)S" line-rate="1.0" branch-rate="1.0">
							<lines>
								<line number="1384" hits="14" branch="false"/>
								<line number="1385" hits="7" branch="false"/>
								<line number="1386" hits="9" branch="false"/>
								<line number="1387" hits="7" branch="false"/>
								<line number="1388" hits="4" branch="false"/>
								<line number="1389" hits="3" branch="false"/>
							</lines>
						</method>
						<method name="getShortArray" signature="(Ljava/lang/String;)[S" line-rate="1.0" branch-rate="1.0">
							<lines>
								<line number="1399" hits="14" branch="false"/>
								<line number="1400" hits="14" branch="true" condition-coverage="100% (2/2)">
									<conditions>
										<condition number="0" type="jump" coverage="100%"/>
									</conditions>
								</line>
								<line number="1401" hits="9" branch="false"/>
								<line number="1402" hits="36" branch="true" condition-coverage="100% (2/2)">
									<conditions>
										<condition number="0" type="jump" coverage="100%"/>
									</conditions>
								</line>
								<line number="1403" hits="28" branch="true" condition-coverage="100% (2/2)">
									<conditions>
										<condition number="0" type="jump" coverage="100%"/>
									</conditions>
								</line>
								<line number="1404" hits="7" branch="true" condition-coverage="100% (2/2)">
									<conditions>
										<condition number="0" type="jump" coverage="100%"/>
									</conditions>
								</line>
								<line number="1405" hits="22" branch="true" condition-coverage="100% (2/2)">
									<conditions>
										<condition number="0" type="jump" coverage="100%"/>
									</conditions>
								</line>
								<line number="1406" hits="9" branch="false"/>
								<line number="1407" hits="8" branch="false"/>
								<line number="1408" hits="3" branch="false"/>
								<line number="1409" hits="1" branch="false"/>
								<line number="1410" hits="3" branch="false"/>
							</lines>
						</method>
						<method name="getShortArray" signature="(Ljava/lang/String;[S)[S" line-rate="0.7142857142857143" branch-rate="1.0">
							<lines>
								<line number="1424" hits="14" branch="false"/>
								<line number="1425" hits="14" branch="true" condition-coverage="100% (2/2)">
									<conditions>
										<condition number="0" type="jump" coverage="100%"/>
									</conditions>
								</line>
								<line number="1426" hits="2" branch="false"/>
								<line number="1427" hits="8" branch="true" condition-coverage="100% (2/2)">
									<conditions>
										<condition number="0" type="jump" coverage="100%"/>
									</conditions>
								</line>
								<line number="1428" hits="6" branch="true" condition-coverage="100% (2/2)">
									<conditions>
										<condition number="0" type="jump" coverage="100%"/>
									</conditions>
								</line>
								<line number="1429" hits="0" branch="false"/>
								<line number="1430" hits="0" branch="false"/>
							</lines>
						</method>
						<method name="getToSetPrefixMap" signature="(Ljava/util/List;Ljava/util/Map;)Ljava/util/List;" line-rate="1.0" branch-rate="1.0">
							<lines>
								<line number="1433" hits="777" branch="false"/>
								<line number="1434" hits="777" branch="false"/>
								<line number="1435" hits="888" branch="false"/>
								<line number="1436" hits="1221" branch="false"/>
								<line number="1437" hits="2505" branch="true" condition-coverage="100% (2/2)">
									<conditions>
										<condition number="0" type="jump" coverage="100%"/>
									</conditions>
								</line>
								<line number="1438" hits="1445" branch="true" condition-coverage="100% (2/2)">
									<conditions>
										<condition number="0" type="jump" coverage="100%"/>
									</conditions>
								</line>
								<line number="1439" hits="903" branch="true" condition-coverage="100% (2/2)">
									<conditions>
										<condition number="0" type="jump" coverage="100%"/>
									</conditions>
								</line>
								<line number="1440" hits="690" branch="true" condition-coverage="100% (2/2)">
									<conditions>
										<condition number="0" type="jump" coverage="100%"/>
									</conditions>
								</line>
								<line number="1441" hits="1220" branch="true" condition-coverage="100% (2/2)">
									<conditions>
										<condition number="0" type="jump" coverage="100%"/>
									</conditions>
								</line>
								<line number="1442" hits="861" branch="false"/>
								<line number="1443" hits="864" branch="true" condition-coverage="100% (2/2)">
									<conditions>
										<condition number="0" type="jump" coverage="100%"/>
									</conditions>
								</line>
								<line number="1444" hits="432" branch="false"/>
								<line number="1445" hits="712" branch="true" condition-coverage="100% (2/2)">
									<conditions>
										<condition number="0" type="jump" coverage="100%"/>
									</conditions>
								</line>
								<line number="1446" hits="359" branch="true" condition-coverage="100% (2/2)">
									<conditions>
										<condition number="0" type="jump" coverage="100%"/>
									</conditions>
								</line>
								<line number="1447" hits="75" branch="false"/>
								<line number="1448" hits="370" branch="false"/>
								<line number="1449" hits="265" branch="false"/>
								<line number="1450" hits="295" branch="false"/>
								<line number="1451" hits="175" branch="false"/>
								<line number="1452" hits="418" branch="true" condition-coverage="100% (2/2)">
									<conditions>
										<condition number="0" type="jump" coverage="100%"/>
									</conditions>
								</line>
								<line number="1453" hits="455" branch="false"/>
								<line number="1454" hits="455" branch="true" condition-coverage="100% (2/2)">
									<conditions>
										<condition number="0" type="jump" coverage="100%"/>
									</conditions>
								</line>
								<line number="1455" hits="221" branch="true" condition-coverage="100% (2/2)">
									<conditions>
										<condition number="0" type="jump" coverage="100%"/>
									</conditions>
								</line>
								<line number="1456" hits="303" branch="false"/>
								<line number="1457" hits="927" branch="true" condition-coverage="100% (2/2)">
									<conditions>
										<condition number="0" type="jump" coverage="100%"/>
									</conditions>
								</line>
								<line number="1458" hits="259" branch="false"/>
								<line number="1459" hits="317" branch="true" condition-coverage="100% (2/2)">
									<conditions>
										<condition number="0" type="jump" coverage="100%"/>
									</conditions>
								</line>
								<line number="1460" hits="888" branch="true" condition-coverage="100% (2/2)">
									<conditions>
										<condition number="0" type="jump" coverage="100%"/>
									</conditions>
								</line>
								<line number="1461" hits="111" branch="false"/>
								<line number="1462" hits="74" branch="false"/>
								<line number="1463" hits="222" branch="false"/>
							</lines>
						</method>
						<method name="getTreeMap" signature="()Ljava/util/Map;" line-rate="1.0" branch-rate="0.9210526315789473">
							<lines>
								<line number="1465" hits="14" branch="false"/>
								<line number="1466" hits="14" branch="false"/>
								<line number="1467" hits="16" branch="false"/>
								<line number="1468" hits="22" branch="false"/>
								<line number="1469" hits="22" branch="false"/>
								<line number="1470" hits="166" branch="true" condition-coverage="100% (2/2)">
									<conditions>
										<condition number="0" type="jump" coverage="100%"/>
									</conditions>
								</line>
								<line number="1471" hits="162" branch="false"/>
								<line number="1472" hits="186" branch="true" condition-coverage="100% (2/2)">
									<conditions>
										<condition number="0" type="jump" coverage="100%"/>
									</conditions>
								</line>
								<line number="1473" hits="206" branch="true" condition-coverage="100% (2/2)">
									<conditions>
										<condition number="0" type="jump" coverage="100%"/>
									</conditions>
								</line>
								<line number="1474" hits="704" branch="true" condition-coverage="100% (2/2)">
									<conditions>
										<condition number="0" type="jump" coverage="100%"/>
									</conditions>
								</line>
								<line number="1475" hits="550" branch="false"/>
								<line number="1476" hits="616" branch="true" condition-coverage="100% (2/2)">
									<conditions>
										<condition number="0" type="jump" coverage="100%"/>
									</conditions>
								</line>
								<line number="1477" hits="3284" branch="true" condition-coverage="100% (4/4)">
									<conditions>
										<condition number="0" type="jump" coverage="100%"/>
										<condition number="1" type="jump" coverage="100%"/>
									</conditions>
								</line>
								<line number="1478" hits="2420" branch="true" condition-coverage="100% (2/2)">
									<conditions>
										<condition number="0" type="jump" coverage="100%"/>
									</conditions>
								</line>
								<line number="1479" hits="2650" branch="true" condition-coverage="100% (2/2)">
									<conditions>
										<condition number="0" type="jump" coverage="100%"/>
									</conditions>
								</line>
								<line number="1480" hits="3596" branch="true" condition-coverage="100% (4/4)">
									<conditions>
										<condition number="0" type="jump" coverage="100%"/>
										<condition number="1" type="jump" coverage="100%"/>
									</conditions>
								</line>
								<line number="1481" hits="1512" branch="true" condition-coverage="100% (2/2)">
									<conditions>
										<condition number="0" type="jump" coverage="100%"/>
									</conditions>
								</line>
								<line number="1482" hits="1370" branch="true" condition-coverage="100% (2/2)">
									<conditions>
										<condition number="0" type="jump" coverage="100%"/>
									</conditions>
								</line>
								<line number="1483" hits="1012" branch="true" condition-coverage="100% (2/2)">
									<conditions>
										<condition number="0" type="jump" coverage="100%"/>
									</conditions>
								</line>
								<line number="1484" hits="232" branch="true" condition-coverage="100% (2/2)">
									<conditions>
										<condition number="0" type="jump" coverage="100%"/>
									</conditions>
								</line>
								<line number="1485" hits="106" branch="true" condition-coverage="100% (2/2)">
									<conditions>
										<condition number="0" type="jump" coverage="100%"/>
									</conditions>
								</line>
								<line number="1486" hits="274" branch="false"/>
								<line number="1487" hits="258" branch="false"/>
								<line number="1488" hits="240" branch="true" condition-coverage="50% (1/2)">
									<conditions>
										<condition number="0" type="jump" coverage="50%"/>
									</conditions>
								</line>
								<line number="1489" hits="330" branch="false"/>
								<line number="1490" hits="300" branch="true" condition-coverage="50% (1/2)">
									<conditions>
										<condition number="0" type="jump" coverage="50%"/>
									</conditions>
								</line>
								<line number="1491" hits="120" branch="true" condition-coverage="50% (1/2)">
									<conditions>
										<condition number="0" type="jump" coverage="50%"/>
									</conditions>
								</line>
								<line number="1492" hits="120" branch="false"/>
								<line number="1493" hits="30" branch="false"/>
								<line number="1494" hits="290" branch="false"/>
								<line number="1496" hits="154" branch="false"/>
								<line number="1497" hits="602" branch="false"/>
								<line number="1498" hits="36" branch="false"/>
								<line number="1499" hits="66" branch="false"/>
								<line number="1500" hits="46" branch="false"/>
								<line number="1501" hits="6" branch="false"/>
							</lines>
						</method>
						<method name="getUnprefixedKey" signature="(Ljava/lang/Object;)Ljava/lang/Object;" line-rate="1.0" branch-rate="0.8571428571428571">
							<lines>
								<line number="1503" hits="1224" branch="true" condition-coverage="50% (1/2)">
									<conditions>
										<condition number="0" type="jump" coverage="50%"/>
									</conditions>
								</line>
								<line number="1504" hits="26" branch="false"/>
								<line number="1505" hits="200" branch="true" condition-coverage="50% (1/2)">
									<conditions>
[...]
						<line number="161" hits="4700" branch="false"/>
						<line number="163" hits="32562" branch="false"/>
						<line number="164" hits="836" branch="false"/>
						<line number="165" hits="7183" branch="false"/>
						<line number="166" hits="3762" branch="false"/>
						<line number="168" hits="4598" branch="false"/>
						<line number="178" hits="2013" branch="true" condition-coverage="100% (2/2)">
							<conditions>
								<condition number="0" type="jump" coverage="100%"/>
							</conditions>
						</line>
						<line number="179" hits="869" branch="false"/>
						<line number="181" hits="1144" branch="true" condition-coverage="50% (1/2)">
							<conditions>
								<condition number="0" type="jump" coverage="50%"/>
							</conditions>
						</line>
						<line number="182" hits="0" branch="false"/>
						<line number="184" hits="1144" branch="true" condition-coverage="100% (2/2)">
							<conditions>
								<condition number="0" type="jump" coverage="100%"/>
							</conditions>
						</line>
						<line number="185" hits="1067" branch="false"/>
						<line number="187" hits="77" branch="false"/>
						<line number="188" hits="77" branch="true" condition-coverage="50% (1/2)">
							<conditions>
								<condition number="0" type="jump" coverage="50%"/>
							</conditions>
						</line>
						<line number="189" hits="0" branch="true" condition-coverage="0% (0/2)">
							<conditions>
								<condition number="0" type="jump" coverage="0%"/>
							</conditions>
						</line>
						<line number="190" hits="0" branch="false"/>
						<line number="192" hits="77" branch="true" condition-coverage="100% (2/2)">
							<conditions>
								<condition number="0" type="jump" coverage="100%"/>
							</conditions>
						</line>
						<line number="193" hits="55" branch="false"/>
						<line number="195" hits="22" branch="false"/>
						<line number="204" hits="0" branch="false"/>
						<line number="205" hits="0" branch="false"/>
						<line number="206" hits="0" branch="false"/>
						<line number="239" hits="473" branch="false"/>
						<line number="241" hits="946" branch="false"/>
						<line number="242" hits="0" branch="false"/>
						<line number="243" hits="473" branch="false"/>
						<line number="244" hits="0" branch="false"/>
						<line number="254" hits="9031" branch="false"/>
						<line number="255" hits="9031" branch="true" condition-coverage="100% (2/2)">
							<conditions>
								<condition number="0" type="jump" coverage="100%"/>
							</conditions>
						</line>
						<line number="256" hits="7766" branch="false"/>
						<line number="258" hits="1265" branch="false"/>
						<line number="272" hits="62225" branch="false"/>
						<line number="284" hits="4213" branch="false"/>
						<line number="286" hits="4213" branch="true" condition-coverage="100% (2/2)">
							<conditions>
								<condition number="0" type="jump" coverage="100%"/>
							</conditions>
						</line>
						<line number="287" hits="8426" branch="true" condition-coverage="100% (2/2)">
							<conditions>
								<condition number="0" type="jump" coverage="100%"/>
							</conditions>
						</line>
						<line number="288" hits="0" branch="false"/>
						<line number="289" hits="4213" branch="false"/>
						<line number="290" hits="0" branch="false"/>
						<line number="302" hits="3355" branch="false"/>
						<line number="304" hits="3355" branch="true" condition-coverage="50% (3/6)">
							<conditions>
								<condition number="0" type="jump" coverage="50%"/>
								<condition number="1" type="jump" coverage="50%"/>
								<condition number="2" type="jump" coverage="50%"/>
							</conditions>
						</line>
						<line number="305" hits="6710" branch="false"/>
						<line number="307" hits="0" branch="false"/>
						<line number="308" hits="3355" branch="false"/>
						<line number="309" hits="0" branch="false"/>
						<line number="310" hits="0" branch="false"/>
						<line number="320" hits="1078" branch="false"/>
						<line number="322" hits="2156" branch="false"/>
						<line number="323" hits="0" branch="false"/>
						<line number="324" hits="1078" branch="false"/>
						<line number="325" hits="0" branch="false"/>
						<line number="337" hits="1878" branch="true" condition-coverage="50% (1/2)">
							<conditions>
								<condition number="0" type="jump" coverage="50%"/>
							</conditions>
						</line>
						<line number="338" hits="1878" branch="false"/>
						<line number="340" hits="4740" branch="true" condition-coverage="100% (2/2)">
							<conditions>
								<condition number="0" type="jump" coverage="100%"/>
							</conditions>
						</line>
						<line number="341" hits="14727" branch="true" condition-coverage="100% (2/2)">
							<conditions>
								<condition number="0" type="jump" coverage="100%"/>
							</conditions>
						</line>
						<line number="342" hits="1782" branch="false"/>
						<line number="344" hits="11316" branch="false"/>
						<line number="345" hits="180" branch="false"/>
						<line number="346" hits="1878" branch="false"/>
						<line number="347" hits="807" branch="false"/>
						<line number="348" hits="987" branch="false"/>
						<line number="350" hits="0" branch="false"/>
						<line number="362" hits="1878" branch="false"/>
						<line number="372" hits="22" branch="false"/>
						<line number="373" hits="22" branch="false"/>
						<line number="374" hits="22" branch="true" condition-coverage="50% (1/2)">
							<conditions>
								<condition number="0" type="jump" coverage="50%"/>
							</conditions>
						</line>
						<line number="376" hits="58" branch="true" condition-coverage="100% (2/2)">
							<conditions>
								<condition number="0" type="jump" coverage="100%"/>
							</conditions>
						</line>
						<line number="377" hits="176" branch="false"/>
						<line number="378" hits="144" branch="false"/>
						<line number="380" hits="22" branch="false"/>
						<line number="390" hits="748" branch="false"/>
						<line number="400" hits="0" branch="false"/>
						<line number="404" hits="11" branch="false"/>
						<line number="405" hits="11" branch="false"/>
						<line number="406" hits="11" branch="false"/>
						<line number="407" hits="99" branch="true" condition-coverage="100% (2/2)">
							<conditions>
								<condition number="0" type="jump" coverage="100%"/>
							</conditions>
						</line>
						<line number="408" hits="88" branch="false"/>
						<line number="410" hits="11" branch="false"/>
						<line number="411" hits="11" branch="false"/>
						<line number="412" hits="11" branch="false"/>
						<line number="414" hits="11" branch="false"/>
						<line number="425" hits="1012" branch="false"/>
						<line number="427" hits="1012" branch="true" condition-coverage="75% (3/4)">
							<conditions>
								<condition number="0" type="jump" coverage="100%"/>
								<condition number="1" type="jump" coverage="50%"/>
							</conditions>
						</line>
						<line number="428" hits="110" branch="false"/>
						<line number="429" hits="20" branch="false"/>
						<line number="430" hits="902" branch="true" condition-coverage="50% (1/2)">
							<conditions>
								<condition number="0" type="jump" coverage="50%"/>
							</conditions>
						</line>
						<line number="431" hits="902" branch="true" condition-coverage="50% (1/2)">
							<conditions>
								<condition number="0" type="jump" coverage="50%"/>
							</conditions>
						</line>
						<line number="432" hits="0" branch="false"/>
						<line number="435" hits="902" branch="false"/>
						<line number="437" hits="164" branch="false"/>
						<line number="438" hits="1012" branch="false"/>
						<line number="439" hits="828" branch="false"/>
						<line number="440" hits="1012" branch="false"/>
						<line number="450" hits="1452" branch="false"/>
						<line number="452" hits="1452" branch="true" condition-coverage="75% (3/4)">
							<conditions>
								<condition number="0" type="jump" coverage="100%"/>
								<condition number="1" type="jump" coverage="50%"/>
							</conditions>
						</line>
						<line number="453" hits="869" branch="false"/>
						<line number="454" hits="158" branch="false"/>
						<line number="455" hits="583" branch="true" condition-coverage="50% (1/2)">
							<conditions>
								<condition number="0" type="jump" coverage="50%"/>
							</conditions>
						</line>
						<line number="456" hits="583" branch="true" condition-coverage="100% (2/2)">
							<conditions>
								<condition number="0" type="jump" coverage="100%"/>
							</conditions>
						</line>
						<line number="457" hits="11" branch="false"/>
						<line number="460" hits="572" branch="false"/>
						<line number="462" hits="104" branch="false"/>
						<line number="463" hits="1452" branch="false"/>
						<line number="464" hits="1181" branch="false"/>
						<line number="465" hits="1441" branch="false"/>
						<line number="474" hits="1001" branch="true" condition-coverage="50% (1/2)">
							<conditions>
								<condition number="0" type="jump" coverage="50%"/>
							</conditions>
						</line>
						<line number="475" hits="0" branch="false"/>
						<line number="477" hits="1001" branch="false"/>
						<line number="478" hits="2091" branch="true" condition-coverage="100% (2/2)">
							<conditions>
								<condition number="0" type="jump" coverage="100%"/>
							</conditions>
						</line>
						<line number="479" hits="4994" branch="true" condition-coverage="50% (1/2)">
							<conditions>
								<condition number="0" type="jump" coverage="50%"/>
							</conditions>
						</line>
						<line number="480" hits="4994" branch="false"/>
						<line number="482" hits="4086" branch="false"/>
						<line number="483" hits="1001" branch="false"/>
						<line number="485" hits="1001" branch="false"/>
						<line number="486" hits="1001" branch="true" condition-coverage="75% (3/4)">
							<conditions>
								<condition number="0" type="jump" coverage="100%"/>
								<condition number="1" type="jump" coverage="50%"/>
							</conditions>
						</line>
						<line number="487" hits="0" branch="false"/>
						<line number="488" hits="0" branch="false"/>
						<line number="490" hits="0" branch="false"/>
						<line number="491" hits="1001" branch="false"/>
						<line number="492" hits="819" branch="false"/>
						<line number="493" hits="1001" branch="false"/>
						<line number="502" hits="0" branch="false"/>
						<line number="503" hits="0" branch="false"/>
						<line number="514" hits="1419" branch="false"/>
						<line number="516" hits="1419" branch="true" condition-coverage="50% (2/4)">
							<conditions>
								<condition number="0" type="jump" coverage="50%"/>
								<condition number="1" type="jump" coverage="50%"/>
							</conditions>
						</line>
						<line number="517" hits="2838" branch="false"/>
						<line number="519" hits="0" branch="false"/>
						<line number="520" hits="1419" branch="false"/>
						<line number="521" hits="0" branch="false"/>
						<line number="522" hits="0" branch="false"/>
						<line number="532" hits="0" branch="false"/>
						<line number="536" hits="11" branch="false"/>
						<line number="538" hits="11" branch="false"/>
						<line number="539" hits="11" branch="false"/>
						<line number="540" hits="29" branch="true" condition-coverage="100% (2/2)">
							<conditions>
								<condition number="0" type="jump" coverage="100%"/>
							</conditions>
						</line>
						<line number="541" hits="88" branch="false"/>
						<line number="542" hits="72" branch="false"/>
						<line number="543" hits="11" branch="false"/>
						<line number="544" hits="2" branch="false"/>
						<line number="545" hits="11" branch="false"/>
						<line number="546" hits="9" branch="false"/>
						<line number="547" hits="11" branch="false"/>
					</lines>
				</class>
				<class name="net.sf.prefixedproperties.config.DefaultPrefixConfig$1" filename="net/sf/prefixedproperties/config/DefaultPrefixConfig.java" line-rate="0.0" branch-rate="0.0" complexity="2.878787878787879">
					<methods>
						<method name="&lt;init&gt;" signature="(Lnet/sf/prefixedproperties/config/DefaultPrefixConfig;Ljava/util/Iterator;)V" line-rate="0.0" branch-rate="1.0">
							<lines>
								<line number="206" hits="0" branch="false"/>
								<line number="207" hits="0" branch="false"/>
							</lines>
						</method>
						<method name="hasNext" signature="()Z" line-rate="0.0" branch-rate="1.0">
							<lines>
								<line number="211" hits="0" branch="false"/>
							</lines>
						</method>
						<method name="next" signature="()Ljava/lang/Object;" line-rate="0.0" branch-rate="1.0">
							<lines>
								<line number="1" hits="0" branch="false"/>
							</lines>
						</method>
						<method name="next" signature="()Ljava/lang/String;" line-rate="0.0" branch-rate="0.0">
							<lines>
								<line number="216" hits="0" branch="true" condition-coverage="0% (0/2)">
									<conditions>
										<condition number="0" type="jump" coverage="0%"/>
									</conditions>
								</line>
								<line number="217" hits="0" branch="false"/>
								<line number="218" hits="0" branch="false"/>
								<line number="219" hits="0" branch="false"/>
								<line number="221" hits="0" branch="false"/>
							</lines>
						</method>
						<method name="remove" signature="()V" line-rate="0.0" branch-rate="1.0">
							<lines>
								<line number="227" hits="0" branch="false"/>
								<line number="228" hits="0" branch="false"/>
								<line number="229" hits="0" branch="false"/>
								<line number="230" hits="0" branch="false"/>
								<line number="231" hits="0" branch="false"/>
								<line number="232" hits="0" branch="false"/>
							</lines>
						</method>
					</methods>
					<lines>
						<line number="1" hits="0" branch="false"/>
						<line number="206" hits="0" branch="false"/>
						<line number="207" hits="0" branch="false"/>
						<line number="211" hits="0" branch="false"/>
						<line number="216" hits="0" branch="true" condition-coverage="0% (0/2)">
							<conditions>
								<condition number="0" type="jump" coverage="0%"/>
							</conditions>
						</line>
						<line number="217" hits="0" branch="false"/>
						<line number="218" hits="0" branch="false"/>
						<line number="219" hits="0" branch="false"/>
						<line number="221" hits="0" branch="false"/>
						<line number="227" hits="0" branch="false"/>
						<line number="228" hits="0" branch="false"/>
						<line number="229" hits="0" branch="false"/>
						<line number="230" hits="0" branch="false"/>
						<line number="231" hits="0" branch="false"/>
						<line number="232" hits="0" branch="false"/>
					</lines>
				</class>
				<class name="net.sf.prefixedproperties.config.DynamicPrefixConfig" filename="net/sf/prefixedproperties/config/DynamicPrefixConfig.java" line-rate="0.875" branch-rate="1.0" complexity="1.1666666666666667">
					<methods>
						<method name="&lt;init&gt;" signature="()V" line-rate="1.0" branch-rate="1.0">
							<lines>
								<line number="41" hits="979" branch="false"/>
								<line number="42" hits="979" branch="false"/>
							</lines>
						</method>
						<method name="&lt;init&gt;" signature="(Ljava/lang/String;)V" line-rate="0.0" branch-rate="1.0">
							<lines>
								<line number="51" hits="0" branch="false"/>
								<line number="52" hits="0" branch="false"/>
							</lines>
						</method>
						<method name="addPrefix" signature="(Ljava/lang/String;)V" line-rate="1.0" branch-rate="1.0">
							<lines>
								<line number="61" hits="792" branch="true" condition-coverage="100% (2/2)">
									<conditions>
										<condition number="0" type="jump" coverage="100%"/>
									</conditions>
								</line>
								<line number="62" hits="341" branch="false"/>
								<line number="63" hits="341" branch="false"/>
								<line number="64" hits="341" branch="false"/>
								<line number="66" hits="792" branch="false"/>
							</lines>
						</method>
						<method name="isDynamic" signature="()Z" line-rate="1.0" branch-rate="1.0">
							<lines>
								<line number="70" hits="440" branch="false"/>
							</lines>
						</method>
						<method name="setDefaultPrefix" signature="(Ljava/lang/String;)V" line-rate="1.0" branch-rate="1.0">
							<lines>
								<line number="75" hits="286" branch="false"/>
								<line number="76" hits="286" branch="false"/>
								<line number="77" hits="286" branch="false"/>
							</lines>
						</method>
						<method name="setPrefix" signature="(Ljava/lang/String;)V" line-rate="1.0" branch-rate="1.0">
							<lines>
								<line number="88" hits="506" branch="false"/>
								<line number="89" hits="506" branch="false"/>
								<line number="90" hits="506" branch="false"/>
							</lines>
						</method>
					</methods>
					<lines>
						<line number="41" hits="979" branch="false"/>
						<line number="42" hits="979" branch="false"/>
						<line number="51" hits="0" branch="false"/>
						<line number="52" hits="0" branch="false"/>
						<line number="61" hits="792" branch="true" condition-coverage="100% (2/2)">
							<conditions>
								<condition number="0" type="jump" coverage="100%"/>
							</conditions>
						</line>
						<line number="62" hits="341" branch="false"/>
						<line number="63" hits="341" branch="false"/>
						<line number="64" hits="341" branch="false"/>
						<line number="66" hits="792" branch="false"/>
						<line number="70" hits="440" branch="false"/>
						<line number="75" hits="286" branch="false"/>
						<line number="76" hits="286" branch="false"/>
						<line number="77" hits="286" branch="false"/>
						<line number="88" hits="506" branch="false"/>
						<line number="89" hits="506" branch="false"/>
						<line number="90" hits="506" branch="false"/>
					</lines>
				</class>
				<class name="net.sf.prefixedproperties.config.PrefixConfig" filename="net/sf/prefixedproperties/config/PrefixConfig.java" line-rate="1.0" branch-rate="1.0" complexity="1.0">
					<methods>
					</methods>
					<lines>
					</lines>
				</class>
				<class name="net.sf.prefixedproperties.config.StagingPrefixConfig" filename="net/sf/prefixedproperties/config/StagingPrefixConfig.java" line-rate="1.0" branch-rate="1.0" complexity="1.0">
					<methods>
						<method name="&lt;clinit&gt;" signature="()V" line-rate="1.0" branch-rate="1.0">
							<lines>
								<line number="61" hits="13" branch="false"/>
								<line number="62" hits="2" branch="false"/>
								<line number="63" hits="4" branch="false"/>
							</lines>
						</method>
						<method name="&lt;init&gt;" signature="()V" line-rate="1.0" branch-rate="1.0">
							<lines>
								<line number="70" hits="33" branch="false"/>
								<line number="71" hits="33" branch="false"/>
							</lines>
						</method>
						<method name="&lt;init&gt;" signature="(Ljava/lang/String;)V" line-rate="1.0" branch-rate="1.0">
							<lines>
								<line number="80" hits="484" branch="false"/>
								<line number="81" hits="484" branch="false"/>
							</lines>
						</method>
					</methods>
					<lines>
						<line number="61" hits="13" branch="false"/>
						<line number="62" hits="2" branch="false"/>
						<line number="63" hits="4" branch="false"/>
						<line number="70" hits="33" branch="false"/>
						<line number="71" hits="33" branch="false"/>
						<line number="80" hits="484" branch="false"/>
						<line number="81" hits="484" branch="false"/>
					</lines>
				</class>
			</classes>
		</package>
	</packages>
</coverage>
