<?xml version="1.0"?>
<!DOCTYPE coverage SYSTEM "http://cobertura.sourceforge.net/xml/coverage-04.dtd">

<coverage line-rate="0.743614931237721" branch-rate="0.7075892857142857" lines-covered="757" lines-valid="1018" branches-covered="317" branches-valid="448" complexity="2.6201923076923075" version="1.9.4.1" timestamp="1435481588163">
	<sources>
		<source>C:/WorkspacesNB/PrefixedProperties_GIT/pp-core/src/main/java</source>
		<source>--source</source>
	</sources>
	<packages>
		<package name="net.sf.prefixedproperties" line-rate="0.7339782345828295" branch-rate="0.7021857923497268" complexity="2.7908496732026142">
			<classes>
				<class name="net.sf.prefixedproperties.PrefixedProperties" filename="net/sf/prefixedproperties/PrefixedProperties.java" line-rate="0.7627365356622998" branch-rate="0.7345679012345679" complexity="2.8496240601503757">
					<methods>
						<method name="&lt;init&gt;" signature="()V" line-rate="1.0" branch-rate="1.0">
							<lines>
								<line number="357" hits="483" branch="false"/>
								<line number="358" hits="483" branch="false"/>
							</lines>
						</method>
						<method name="&lt;init&gt;" signature="(Ljava/lang/String;)V" line-rate="0.5714285714285714" branch-rate="1.0">
							<lines>
								<line number="346" hits="1863" branch="false"/>
								<line number="348" hits="1863" branch="false"/>
								<line number="350" hits="1863" branch="false"/>
								<line number="352" hits="1863" branch="false"/>
								<line number="424" hits="0" branch="false"/>
								<line number="425" hits="0" branch="false"/>
								<line number="426" hits="0" branch="false"/>
							</lines>
						</method>
						<method name="&lt;init&gt;" signature="(Ljava/util/Properties;)V" line-rate="0.0" branch-rate="0.0">
							<lines>
								<line number="414" hits="0" branch="false"/>
								<line number="415" hits="0" branch="true" condition-coverage="0% (0/2)">
									<conditions>
										<condition number="0" type="jump" coverage="0%"/>
									</conditions>
								</line>
								<line number="416" hits="0" branch="false"/>
							</lines>
						</method>
						<method name="&lt;init&gt;" signature="(Lnet/sf/prefixedproperties/PrefixedProperties;Ljava/lang/String;)V" line-rate="0.0" branch-rate="1.0">
							<lines>
								<line number="403" hits="0" branch="false"/>
								<line number="404" hits="0" branch="false"/>
								<line number="405" hits="0" branch="false"/>
								<line number="406" hits="0" branch="false"/>
							</lines>
						</method>
						<method name="&lt;init&gt;" signature="(Lnet/sf/prefixedproperties/PrefixedProperties;Lnet/sf/prefixedproperties/config/PrefixConfig;)V" line-rate="1.0" branch-rate="1.0">
							<lines>
								<line number="391" hits="345" branch="false"/>
								<line number="392" hits="345" branch="false"/>
								<line number="393" hits="345" branch="false"/>
								<line number="394" hits="345" branch="false"/>
							</lines>
						</method>
						<method name="&lt;init&gt;" signature="(Lnet/sf/prefixedproperties/config/PrefixConfig;)V" line-rate="1.0" branch-rate="1.0">
							<lines>
								<line number="366" hits="1035" branch="false"/>
								<line number="367" hits="1035" branch="false"/>
								<line number="368" hits="1035" branch="false"/>
							</lines>
						</method>
						<method name="&lt;init&gt;" signature="(Lnet/sf/prefixedproperties/config/PrefixConfig;Ljava/util/Properties;)V" line-rate="0.0" branch-rate="1.0">
							<lines>
								<line number="379" hits="0" branch="false"/>
								<line number="380" hits="0" branch="false"/>
								<line number="381" hits="0" branch="false"/>
							</lines>
						</method>
						<method name="access$000" signature="(Lnet/sf/prefixedproperties/PrefixedProperties;)Ljava/util/concurrent/locks/ReentrantReadWriteLock;" line-rate="1.0" branch-rate="1.0">
							<lines>
							</lines>
						</method>
						<method name="access$100" signature="(Lnet/sf/prefixedproperties/PrefixedProperties;Ljava/lang/Object;)Ljava/lang/Object;" line-rate="1.0" branch-rate="1.0">
							<lines>
								<line number="78" hits="1850" branch="false"/>
							</lines>
						</method>
						<method name="checkAndConvertPrefix" signature="(Ljava/lang/String;)Ljava/lang/String;" line-rate="0.8333333333333334" branch-rate="0.75">
							<lines>
								<line number="429" hits="1610" branch="true" condition-coverage="50% (1/2)">
									<conditions>
										<condition number="0" type="jump" coverage="50%"/>
									</conditions>
								</line>
								<line number="430" hits="0" branch="false"/>
								<line number="432" hits="1610" branch="false"/>
								<line number="433" hits="1610" branch="true" condition-coverage="100% (2/2)">
									<conditions>
										<condition number="0" type="jump" coverage="100%"/>
									</conditions>
								</line>
								<line number="434" hits="92" branch="false"/>
								<line number="436" hits="1610" branch="false"/>
							</lines>
						</method>
						<method name="clear" signature="()V" line-rate="1.0" branch-rate="1.0">
							<lines>
								<line number="444" hits="851" branch="false"/>
								<line number="446" hits="851" branch="false"/>
								<line number="448" hits="851" branch="false"/>
								<line number="449" hits="851" branch="false"/>
								<line number="450" hits="851" branch="false"/>
							</lines>
						</method>
						<method name="clearDefaultPrefixes" signature="()V" line-rate="0.0" branch-rate="0.0">
							<lines>
								<line number="456" hits="0" branch="false"/>
								<line number="457" hits="0" branch="true" condition-coverage="0% (0/2)">
									<conditions>
										<condition number="0" type="jump" coverage="0%"/>
									</conditions>
								</line>
								<line number="458" hits="0" branch="false"/>
								<line number="459" hits="0" branch="false"/>
								<line number="460" hits="0" branch="false"/>
							</lines>
						</method>
						<method name="clearLocalPrefixes" signature="()V" line-rate="0.0" branch-rate="0.0">
							<lines>
								<line number="466" hits="0" branch="false"/>
								<line number="467" hits="0" branch="true" condition-coverage="0% (0/2)">
									<conditions>
										<condition number="0" type="jump" coverage="0%"/>
									</conditions>
								</line>
								<line number="468" hits="0" branch="false"/>
								<line number="469" hits="0" branch="false"/>
								<line number="470" hits="0" branch="false"/>
							</lines>
						</method>
						<method name="clone" signature="()Ljava/lang/Object;" line-rate="1.0" branch-rate="1.0">
							<lines>
							</lines>
						</method>
						<method name="clone" signature="()Lnet/sf/prefixedproperties/PrefixedProperties;" line-rate="0.75" branch-rate="0.5">
							<lines>
								<line number="478" hits="69" branch="false"/>
								<line number="480" hits="69" branch="false"/>
								<line number="481" hits="69" branch="true" condition-coverage="50% (1/2)">
									<conditions>
										<condition number="0" type="jump" coverage="50%"/>
									</conditions>
								</line>
								<line number="482" hits="69" branch="false"/>
								<line number="484" hits="69" branch="true" condition-coverage="50% (1/2)">
									<conditions>
										<condition number="0" type="jump" coverage="50%"/>
									</conditions>
								</line>
								<line number="485" hits="0" branch="false"/>
								<line number="486" hits="69" branch="true" condition-coverage="50% (1/2)">
									<conditions>
										<condition number="0" type="jump" coverage="50%"/>
									</conditions>
								</line>
								<line number="487" hits="69" branch="false"/>
								<line number="489" hits="0" branch="false"/>
								<line number="490" hits="0" branch="false"/>
								<line number="492" hits="69" branch="false"/>
								<line number="494" hits="69" branch="false"/>
							</lines>
						</method>
						<method name="configureJsonParser" signature="(Lorg/codehaus/jackson/JsonParser;)V" line-rate="1.0" branch-rate="1.0">
							<lines>
								<line number="499" hits="46" branch="false"/>
								<line number="500" hits="46" branch="false"/>
								<line number="501" hits="46" branch="false"/>
								<line number="502" hits="46" branch="false"/>
								<line number="503" hits="46" branch="false"/>
							</lines>
						</method>
						<method name="contains" signature="(Ljava/lang/Object;)Z" line-rate="1.0" branch-rate="0.875">
							<lines>
								<line number="510" hits="437" branch="false"/>
								<line number="512" hits="437" branch="true" condition-coverage="100% (2/2)">
									<conditions>
										<condition number="0" type="jump" coverage="100%"/>
									</conditions>
								</line>
								<line number="513" hits="23" branch="false"/>
								<line number="516" hits="414" branch="true" condition-coverage="100% (2/2)">
									<conditions>
										<condition number="0" type="jump" coverage="100%"/>
									</conditions>
								</line>
								<line number="517" hits="1049" branch="false"/>
								<line number="518" hits="1049" branch="true" condition-coverage="75% (3/4)">
									<conditions>
										<condition number="0" type="jump" coverage="50%"/>
										<condition number="1" type="jump" coverage="100%"/>
									</conditions>
								</line>
								<line number="519" hits="207" branch="false"/>
								<line number="521" hits="842" branch="false"/>
								<line number="522" hits="207" branch="false"/>
								<line number="524" hits="437" branch="false"/>
							</lines>
						</method>
						<method name="containsKey" signature="(Ljava/lang/Object;)Z" line-rate="0.875" branch-rate="0.5">
							<lines>
								<line number="533" hits="115" branch="false"/>
								<line number="535" hits="115" branch="true" condition-coverage="50% (1/2)">
									<conditions>
										<condition number="0" type="jump" coverage="50%"/>
									</conditions>
								</line>
								<line number="536" hits="92" branch="true" condition-coverage="25% (1/4)">
									<conditions>
										<condition number="0" type="jump" coverage="50%"/>
										<condition number="1" type="jump" coverage="0%"/>
									</conditions>
								</line>
								<line number="537" hits="92" branch="true" condition-coverage="100% (2/2)">
									<conditions>
										<condition number="0" type="jump" coverage="100%"/>
									</conditions>
								</line>
								<line number="538" hits="23" branch="false"/>
								<line number="540" hits="69" branch="false"/>
								<line number="543" hits="0" branch="false"/>
								<line number="545" hits="92" branch="false"/>
							</lines>
						</method>
						<method name="containsValidPrefix" signature="(Ljava/lang/Object;)Z" line-rate="0.6666666666666666" branch-rate="0.5">
							<lines>
								<line number="550" hits="11983" branch="true" condition-coverage="50% (2/4)">
									<conditions>
										<condition number="0" type="jump" coverage="50%"/>
										<condition number="1" type="jump" coverage="50%"/>
									</conditions>
								</line>
								<line number="551" hits="11983" branch="false"/>
								<line number="553" hits="0" branch="false"/>
							</lines>
						</method>
						<method name="containsValue" signature="(Ljava/lang/Object;)Z" line-rate="1.0" branch-rate="1.0">
							<lines>
								<line number="561" hits="138" branch="false"/>
								<line number="563" hits="138" branch="false"/>
								<line number="565" hits="138" branch="false"/>
							</lines>
						</method>
						<method name="createCascadingPrefixProperties" signature="(Ljava/lang/String;)Lnet/sf/prefixedproperties/PrefixedProperties;" line-rate="0.0" branch-rate="0.0">
							<lines>
								<line number="320" hits="0" branch="true" condition-coverage="0% (0/2)">
									<conditions>
										<condition number="0" type="jump" coverage="0%"/>
									</conditions>
								</line>
							</lines>
						</method>
						<method name="createCascadingPrefixProperties" signature="(Ljava/util/List;)Lnet/sf/prefixedproperties/PrefixedProperties;" line-rate="0.0" branch-rate="0.0">
							<lines>
								<line number="282" hits="0" branch="false"/>
								<line number="283" hits="0" branch="true" condition-coverage="0% (0/2)">
									<conditions>
										<condition number="0" type="jump" coverage="0%"/>
									</conditions>
								</line>
								<line number="284" hits="0" branch="true" condition-coverage="0% (0/2)">
									<conditions>
										<condition number="0" type="jump" coverage="0%"/>
									</conditions>
								</line>
								<line number="285" hits="0" branch="true" condition-coverage="0% (0/2)">
									<conditions>
										<condition number="0" type="jump" coverage="0%"/>
									</conditions>
								</line>
								<line number="287" hits="0" branch="true" condition-coverage="0% (0/2)">
									<conditions>
										<condition number="0" type="jump" coverage="0%"/>
									</conditions>
								</line>
								<line number="289" hits="0" branch="false"/>
								<line number="290" hits="0" branch="false"/>
							</lines>
						</method>
						<method name="createCascadingPrefixProperties" signature="([Ljava/lang/String;)Lnet/sf/prefixedproperties/PrefixedProperties;" line-rate="0.0" branch-rate="0.0">
							<lines>
								<line number="333" hits="0" branch="false"/>
								<line number="334" hits="0" branch="true" condition-coverage="0% (0/2)">
									<conditions>
										<condition number="0" type="jump" coverage="0%"/>
									</conditions>
								</line>
								<line number="335" hits="0" branch="true" condition-coverage="0% (0/2)">
									<conditions>
										<condition number="0" type="jump" coverage="0%"/>
									</conditions>
								</line>
								<line number="336" hits="0" branch="false"/>
								<line number="338" hits="0" branch="false"/>
								<line number="341" hits="0" branch="false"/>
							</lines>
						</method>
						<method name="createCascadingPrefixProperties" signature="([Lnet/sf/prefixedproperties/config/PrefixConfig;)Lnet/sf/prefixedproperties/PrefixedProperties;" line-rate="1.0" branch-rate="0.75">
							<lines>
								<line number="301" hits="184" branch="false"/>
								<line number="302" hits="713" branch="true" condition-coverage="100% (2/2)">
									<conditions>
										<condition number="0" type="jump" coverage="100%"/>
									</conditions>
								</line>
								<line number="303" hits="529" branch="true" condition-coverage="100% (2/2)">
									<conditions>
										<condition number="0" type="jump" coverage="100%"/>
									</conditions>
								</line>
								<line number="304" hits="184" branch="true" condition-coverage="50% (1/2)">
									<conditions>
										<condition number="0" type="jump" coverage="50%"/>
									</conditions>
								</line>
								<line number="306" hits="345" branch="true" condition-coverage="50% (1/2)">
									<conditions>
										<condition number="0" type="jump" coverage="50%"/>
									</conditions>
								</line>
								<line number="309" hits="184" branch="false"/>
							</lines>
						</method>
						<method name="elements" signature="()Ljava/util/Enumeration;" line-rate="1.0" branch-rate="1.0">
							<lines>
							</lines>
						</method>
						<method name="elements" signature="()Lnet/sf/prefixedproperties/PrefixedPropertiesEnumeration;" line-rate="1.0" branch-rate="1.0">
							<lines>
								<line number="575" hits="23" branch="false"/>
								<line number="577" hits="23" branch="false"/>
								<line number="578" hits="23" branch="false"/>
								<line number="579" hits="23" branch="false"/>
								<line number="581" hits="23" branch="false"/>
							</lines>
						</method>
						<method name="entrySet" signature="()Ljava/util/Set;" line-rate="1.0" branch-rate="0.625">
							<lines>
								<line number="590" hits="667" branch="false"/>
								<line number="591" hits="667" branch="false"/>
								<line number="593" hits="667" branch="true" condition-coverage="25% (1/4)">
									<conditions>
										<condition number="0" type="jump" coverage="50%"/>
										<condition number="1" type="jump" coverage="0%"/>
									</conditions>
								</line>
								<line number="594" hits="667" branch="true" condition-coverage="100% (2/2)">
									<conditions>
										<condition number="0" type="jump" coverage="100%"/>
									</conditions>
								</line>
								<line number="595" hits="1610" branch="false"/>
								<line number="596" hits="1610" branch="true" condition-coverage="100% (2/2)">
									<conditions>
										<condition number="0" type="jump" coverage="100%"/>
									</conditions>
								</line>
								<line number="597" hits="1150" branch="false"/>
								<line number="599" hits="460" branch="false"/>
								<line number="601" hits="1610" branch="false"/>
								<line number="602" hits="667" branch="false"/>
								<line number="604" hits="667" branch="false"/>
							</lines>
						</method>
						<method name="equals" signature="(Ljava/lang/Object;)Z" line-rate="0.5555555555555556" branch-rate="0.4444444444444444">
							<lines>
								<line number="613" hits="69" branch="true" condition-coverage="50% (1/2)">
									<conditions>
										<condition number="0" type="jump" coverage="50%"/>
									</conditions>
								</line>
								<line number="614" hits="0" branch="false"/>
								<line number="616" hits="69" branch="true" condition-coverage="100% (2/2)">
									<conditions>
										<condition number="0" type="jump" coverage="100%"/>
									</conditions>
								</line>
								<line number="617" hits="23" branch="false"/>
								<line number="619" hits="46" branch="true" condition-coverage="50% (1/2)">
									<conditions>
										<condition number="0" type="jump" coverage="50%"/>
									</conditions>
								</line>
								<line number="620" hits="0" branch="false"/>
								<line number="622" hits="46" branch="false"/>
								<line number="623" hits="46" branch="true" condition-coverage="50% (1/2)">
									<conditions>
										<condition number="0" type="jump" coverage="50%"/>
									</conditions>
								</line>
								<line number="624" hits="0" branch="true" condition-coverage="0% (0/2)">
									<conditions>
										<condition number="0" type="jump" coverage="0%"/>
									</conditions>
								</line>
								<line number="625" hits="0" branch="false"/>
								<line number="627" hits="46" branch="true" condition-coverage="50% (1/2)">
									<conditions>
										<condition number="0" type="jump" coverage="50%"/>
									</conditions>
								</line>
								<line number="628" hits="0" branch="false"/>
								<line number="630" hits="46" branch="true" condition-coverage="50% (1/2)">
									<conditions>
										<condition number="0" type="jump" coverage="50%"/>
									</conditions>
								</line>
								<line number="631" hits="0" branch="true" condition-coverage="0% (0/2)">
									<conditions>
										<condition number="0" type="jump" coverage="0%"/>
									</conditions>
								</line>
								<line number="632" hits="0" branch="false"/>
								<line number="634" hits="46" branch="true" condition-coverage="50% (1/2)">
									<conditions>
										<condition number="0" type="jump" coverage="50%"/>
									</conditions>
								</line>
								<line number="635" hits="0" branch="false"/>
								<line number="637" hits="46" branch="false"/>
							</lines>
						</method>
						<method name="get" signature="(Ljava/lang/Object;)Ljava/lang/Object;" line-rate="1.0" branch-rate="1.0">
							<lines>
								<line number="645" hits="1794" branch="true" condition-coverage="100% (4/4)">
									<conditions>
										<condition number="0" type="jump" coverage="100%"/>
										<condition number="1" type="jump" coverage="100%"/>
									</conditions>
								</line>
								<line number="646" hits="1794" branch="false"/>
							</lines>
						</method>
						<method name="get" signature="(Ljava/lang/Object;Z)Ljava/lang/Object;" line-rate="1.0" branch-rate="1.0">
							<lines>
								<line number="653" hits="8096" branch="false"/>
								<line number="654" hits="8096" branch="false"/>
								<line number="656" hits="8096" branch="false"/>
								<line number="657" hits="8096" branch="true" condition-coverage="100% (2/2)">
									<conditions>
										<condition number="0" type="jump" coverage="100%"/>
									</conditions>
								</line>
								<line number="659" hits="8096" branch="true" condition-coverage="100% (2/2)">
									<conditions>
										<condition number="0" type="jump" coverage="100%"/>
									</conditions>
								</line>
								<line number="660" hits="2668" branch="true" condition-coverage="100% (2/2)">
									<conditions>
										<condition number="0" type="jump" coverage="100%"/>
									</conditions>
								</line>
								<line number="662" hits="8096" branch="false"/>
								<line number="664" hits="8096" branch="false"/>
							</lines>
						</method>
						<method name="getArray" signature="(Ljava/lang/String;)[Ljava/lang/String;" line-rate="1.0" branch-rate="1.0">
							<lines>
								<line number="678" hits="368" branch="false"/>
								<line number="679" hits="368" branch="true" condition-coverage="100% (2/2)">
									<conditions>
										<condition number="0" type="jump" coverage="100%"/>
									</conditions>
								</line>
								<line number="680" hits="184" branch="false"/>
								<line number="681" hits="184" branch="false"/>
								<line number="683" hits="184" branch="false"/>
							</lines>
						</method>
						<method name="getArray" signature="(Ljava/lang/String;[Ljava/lang/String;)[Ljava/lang/String;" line-rate="1.0" branch-rate="1.0">
							<lines>
								<line number="698" hits="46" branch="false"/>
								<line number="699" hits="46" branch="true" condition-coverage="100% (2/2)">
									<conditions>
										<condition number="0" type="jump" coverage="100%"/>
									</conditions>
								</line>
								<line number="700" hits="23" branch="false"/>
								<line number="702" hits="23" branch="false"/>
							</lines>
						</method>
						<method name="getBoolean" signature="(Ljava/lang/String;)Z" line-rate="1.0" branch-rate="1.0">
							<lines>
								<line number="714" hits="23" branch="false"/>
							</lines>
						</method>
						<method name="getBoolean" signature="(Ljava/lang/String;Z)Z" line-rate="1.0" branch-rate="1.0">
							<lines>
								<line number="728" hits="46" branch="false"/>
								<line number="729" hits="46" branch="true" condition-coverage="100% (2/2)">
									<conditions>
										<condition number="0" type="jump" coverage="100%"/>
									</conditions>
								</line>
							</lines>
						</method>
						<method name="getBooleanArray" signature="(Ljava/lang/String;)[Z" line-rate="1.0" branch-rate="1.0">
							<lines>
								<line number="741" hits="46" branch="false"/>
								<line number="742" hits="46" branch="true" condition-coverage="100% (2/2)">
									<conditions>
										<condition number="0" type="jump" coverage="100%"/>
									</conditions>
								</line>
								<line number="743" hits="23" branch="false"/>
								<line number="744" hits="92" branch="true" condition-coverage="100% (2/2)">
									<conditions>
										<condition number="0" type="jump" coverage="100%"/>
									</conditions>
								</line>
								<line number="745" hits="69" branch="false"/>
								<line number="747" hits="23" branch="false"/>
								<line number="749" hits="23" branch="false"/>
							</lines>
						</method>
						<method name="getBooleanArray" signature="(Ljava/lang/String;[Z)[Z" line-rate="1.0" branch-rate="1.0">
							<lines>
								<line number="764" hits="46" branch="false"/>
								<line number="765" hits="46" branch="true" condition-coverage="100% (2/2)">
									<conditions>
										<condition number="0" type="jump" coverage="100%"/>
									</conditions>
								</line>
							</lines>
						</method>
						<method name="getByte" signature="(Ljava/lang/String;)B" line-rate="1.0" branch-rate="1.0">
							<lines>
								<line number="776" hits="46" branch="false"/>
								<line number="777" hits="46" branch="true" condition-coverage="100% (2/2)">
									<conditions>
										<condition number="0" type="jump" coverage="100%"/>
									</conditions>
								</line>
								<line number="778" hits="23" branch="false"/>
								<line number="780" hits="23" branch="false"/>
							</lines>
						</method>
						<method name="getByte" signature="(Ljava/lang/String;B)B" line-rate="1.0" branch-rate="1.0">
							<lines>
								<line number="795" hits="46" branch="false"/>
								<line number="796" hits="23" branch="false"/>
								<line number="797" hits="23" branch="false"/>
							</lines>
						</method>
						<method name="getByteArray" signature="(Ljava/lang/String;)[B" line-rate="1.0" branch-rate="1.0">
							<lines>
								<line number="809" hits="46" branch="false"/>
								<line number="810" hits="46" branch="true" condition-coverage="100% (2/2)">
									<conditions>
										<condition number="0" type="jump" coverage="100%"/>
									</conditions>
								</line>
								<line number="811" hits="23" branch="false"/>
								<line number="812" hits="92" branch="true" condition-coverage="100% (2/2)">
									<conditions>
										<condition number="0" type="jump" coverage="100%"/>
									</conditions>
								</line>
								<line number="813" hits="69" branch="false"/>
								<line number="815" hits="23" branch="false"/>
								<line number="817" hits="23" branch="false"/>
							</lines>
						</method>
						<method name="getByteArray" signature="(Ljava/lang/String;[B)[B" line-rate="0.5" branch-rate="1.0">
							<lines>
								<line number="831" hits="46" branch="false"/>
								<line number="832" hits="46" branch="true" condition-coverage="100% (2/2)">
									<conditions>
										<condition number="0" type="jump" coverage="100%"/>
									</conditions>
								</line>
								<line number="833" hits="0" branch="false"/>
								<line number="834" hits="0" branch="false"/>
							</lines>
						</method>
						<method name="getCompleteProperties" signature="()Ljava/util/Properties;" line-rate="1.0" branch-rate="1.0">
							<lines>
								<line number="844" hits="69" branch="true" condition-coverage="100% (2/2)">
									<conditions>
										<condition number="0" type="jump" coverage="100%"/>
									</conditions>
								</line>
								<line number="845" hits="46" branch="false"/>
								<line number="847" hits="23" branch="false"/>
							</lines>
						</method>
						<method name="getDouble" signature="(Ljava/lang/String;)D" line-rate="1.0" branch-rate="1.0">
							<lines>
								<line number="859" hits="46" branch="false"/>
								<line number="860" hits="46" branch="true" condition-coverage="100% (2/2)">
									<conditions>
										<condition number="0" type="jump" coverage="100%"/>
									</conditions>
								</line>
								<line number="861" hits="23" branch="false"/>
								<line number="863" hits="23" branch="false"/>
							</lines>
						</method>
						<method name="getDouble" signature="(Ljava/lang/String;D)D" line-rate="1.0" branch-rate="1.0">
							<lines>
								<line number="878" hits="46" branch="false"/>
								<line number="879" hits="23" branch="false"/>
								<line number="880" hits="23" branch="false"/>
							</lines>
						</method>
						<method name="getDoubleArray" signature="(Ljava/lang/String;)[D" line-rate="1.0" branch-rate="1.0">
							<lines>
								<line number="893" hits="46" branch="false"/>
								<line number="894" hits="46" branch="true" condition-coverage="100% (2/2)">
									<conditions>
										<condition number="0" type="jump" coverage="100%"/>
									</conditions>
								</line>
								<line number="895" hits="23" branch="false"/>
								<line number="896" hits="92" branch="true" condition-coverage="100% (2/2)">
									<conditions>
										<condition number="0" type="jump" coverage="100%"/>
									</conditions>
								</line>
								<line number="897" hits="69" branch="false"/>
								<line number="899" hits="23" branch="false"/>
								<line number="901" hits="23" branch="false"/>
							</lines>
						</method>
						<method name="getDoubleArray" signature="(Ljava/lang/String;[D)[D" line-rate="0.5" branch-rate="1.0">
							<lines>
								<line number="917" hits="46" branch="false"/>
								<line number="918" hits="46" branch="true" condition-coverage="100% (2/2)">
									<conditions>
										<condition number="0" type="jump" coverage="100%"/>
									</conditions>
								</line>
								<line number="919" hits="0" branch="false"/>
								<line number="920" hits="0" branch="false"/>
							</lines>
						</method>
						<method name="getEffectivePrefix" signature="()Ljava/lang/String;" line-rate="1.0" branch-rate="0.25">
							<lines>
								<line number="930" hits="391" branch="false"/>
								<line number="932" hits="391" branch="true" condition-coverage="25% (1/4)">
									<conditions>
										<condition number="0" type="jump" coverage="50%"/>
										<condition number="1" type="jump" coverage="0%"/>
									</conditions>
								</line>
								<line number="933" hits="391" branch="false"/>
								<line number="935" hits="391" branch="false"/>
							</lines>
						</method>
						<method name="getFloat" signature="(Ljava/lang/String;)F" line-rate="1.0" branch-rate="1.0">
							<lines>
								<line number="947" hits="46" branch="false"/>
								<line number="948" hits="46" branch="true" condition-coverage="100% (2/2)">
									<conditions>
										<condition number="0" type="jump" coverage="100%"/>
									</conditions>
								</line>
								<line number="949" hits="23" branch="false"/>
								<line number="951" hits="23" branch="false"/>
							</lines>
						</method>
						<method name="getFloat" signature="(Ljava/lang/String;F)F" line-rate="1.0" branch-rate="1.0">
							<lines>
								<line number="966" hits="46" branch="false"/>
								<line number="967" hits="23" branch="false"/>
								<line number="968" hits="23" branch="false"/>
							</lines>
						</method>
						<method name="getFloatArray" signature="(Ljava/lang/String;)[F" line-rate="1.0" branch-rate="1.0">
							<lines>
								<line number="981" hits="46" branch="false"/>
								<line number="982" hits="46" branch="true" condition-coverage="100% (2/2)">
									<conditions>
										<condition number="0" type="jump" coverage="100%"/>
									</conditions>
								</line>
								<line number="983" hits="23" branch="false"/>
								<line number="984" hits="92" branch="true" condition-coverage="100% (2/2)">
									<conditions>
										<condition number="0" type="jump" coverage="100%"/>
									</conditions>
								</line>
								<line number="985" hits="69" branch="false"/>
								<line number="987" hits="23" branch="false"/>
								<line number="989" hits="23" branch="false"/>
							</lines>
						</method>
						<method name="getFloatArray" signature="(Ljava/lang/String;[F)[F" line-rate="0.5" branch-rate="1.0">
							<lines>
								<line number="1005" hits="46" branch="false"/>
								<line number="1006" hits="46" branch="true" condition-coverage="100% (2/2)">
									<conditions>
										<condition number="0" type="jump" coverage="100%"/>
									</conditions>
								</line>
								<line number="1007" hits="0" branch="false"/>
								<line number="1008" hits="0" branch="false"/>
							</lines>
						</method>
						<method name="getInt" signature="(Ljava/lang/String;)I" line-rate="1.0" branch-rate="1.0">
							<lines>
								<line number="1020" hits="46" branch="false"/>
								<line number="1021" hits="46" branch="true" condition-coverage="100% (2/2)">
									<conditions>
										<condition number="0" type="jump" coverage="100%"/>
									</conditions>
								</line>
								<line number="1022" hits="23" branch="false"/>
								<line number="1024" hits="23" branch="false"/>
							</lines>
						</method>
						<method name="getInt" signature="(Ljava/lang/String;I)I" line-rate="1.0" branch-rate="1.0">
							<lines>
								<line number="1039" hits="46" branch="false"/>
								<line number="1040" hits="23" branch="false"/>
								<line number="1041" hits="23" branch="false"/>
							</lines>
						</method>
						<method name="getIntArray" signature="(Ljava/lang/String;)[I" line-rate="1.0" branch-rate="1.0">
							<lines>
								<line number="1054" hits="46" branch="false"/>
								<line number="1055" hits="46" branch="true" condition-coverage="100% (2/2)">
									<conditions>
										<condition number="0" type="jump" coverage="100%"/>
									</conditions>
								</line>
								<line number="1056" hits="23" branch="false"/>
								<line number="1057" hits="92" branch="true" condition-coverage="100% (2/2)">
									<conditions>
										<condition number="0" type="jump" coverage="100%"/>
									</conditions>
								</line>
								<line number="1058" hits="69" branch="false"/>
								<line number="1060" hits="23" branch="false"/>
								<line number="1062" hits="23" branch="false"/>
							</lines>
						</method>
						<method name="getIntArray" signature="(Ljava/lang/String;[I)[I" line-rate="0.5" branch-rate="1.0">
							<lines>
								<line number="1078" hits="46" branch="false"/>
								<line number="1079" hits="46" branch="true" condition-coverage="100% (2/2)">
									<conditions>
										<condition number="0" type="jump" coverage="100%"/>
									</conditions>
								</line>
								<line number="1080" hits="0" branch="false"/>
								<line number="1081" hits="0" branch="false"/>
							</lines>
						</method>
						<method name="getKeyMap" signature="(Z)Ljava/util/Map;" line-rate="1.0" branch-rate="1.0">
							<lines>
								<line number="1086" hits="1104" branch="false"/>
								<line number="1088" hits="1104" branch="true" condition-coverage="100% (2/2)">
									<conditions>
										<condition number="0" type="jump" coverage="100%"/>
									</conditions>
								</line>
								<line number="1089" hits="4853" branch="true" condition-coverage="100% (2/2)">
									<conditions>
										<condition number="0" type="jump" coverage="100%"/>
									</conditions>
								</line>
								<line number="1090" hits="4232" branch="true" condition-coverage="100% (2/2)">
									<conditions>
										<condition number="0" type="jump" coverage="100%"/>
									</conditions>
								</line>
								<line number="1091" hits="3151" branch="false"/>
								<line number="1092" hits="3151" branch="true" condition-coverage="100% (2/2)">
									<conditions>
										<condition number="0" type="jump" coverage="100%"/>
									</conditions>
								</line>
								<line number="1093" hits="1196" branch="true" condition-coverage="100% (2/2)">
									<conditions>
										<condition number="0" type="jump" coverage="100%"/>
									</conditions>
								</line>
								<line number="1094" hits="535" branch="false"/>
								<line number="1097" hits="1955" branch="false"/>
								<line number="1099" hits="3151" branch="false"/>
								<line number="1100" hits="621" branch="true" condition-coverage="100% (2/2)">
									<conditions>
										<condition number="0" type="jump" coverage="100%"/>
									</conditions>
								</line>
								<line number="1101" hits="598" branch="false"/>
								<line number="1103" hits="4853" branch="false"/>
								<line number="1104" hits="1104" branch="false"/>
							</lines>
						</method>
						<method name="getLong" signature="(Ljava/lang/String;)J" line-rate="1.0" branch-rate="1.0">
							<lines>
								<line number="1115" hits="46" branch="false"/>
								<line number="1116" hits="46" branch="true" condition-coverage="100% (2/2)">
									<conditions>
										<condition number="0" type="jump" coverage="100%"/>
									</conditions>
								</line>
								<line number="1117" hits="23" branch="false"/>
								<line number="1119" hits="23" branch="false"/>
							</lines>
						</method>
						<method name="getLong" signature="(Ljava/lang/String;J)J" line-rate="1.0" branch-rate="1.0">
							<lines>
								<line number="1134" hits="46" branch="false"/>
								<line number="1135" hits="23" branch="false"/>
								<line number="1136" hits="23" branch="false"/>
							</lines>
						</method>
						<method name="getLongArray" signature="(Ljava/lang/String;)[J" line-rate="1.0" branch-rate="1.0">
							<lines>
								<line number="1149" hits="46" branch="false"/>
								<line number="1150" hits="46" branch="true" condition-coverage="100% (2/2)">
									<conditions>
										<condition number="0" type="jump" coverage="100%"/>
									</conditions>
								</line>
								<line number="1151" hits="23" branch="false"/>
								<line number="1152" hits="92" branch="true" condition-coverage="100% (2/2)">
									<conditions>
										<condition number="0" type="jump" coverage="100%"/>
									</conditions>
								</line>
								<line number="1153" hits="69" branch="false"/>
								<line number="1155" hits="23" branch="false"/>
								<line number="1157" hits="23" branch="false"/>
							</lines>
						</method>
						<method name="getLongArray" signature="(Ljava/lang/String;[J)[J" line-rate="0.5" branch-rate="1.0">
							<lines>
								<line number="1173" hits="46" branch="false"/>
								<line number="1174" hits="46" branch="true" condition-coverage="100% (2/2)">
									<conditions>
										<condition number="0" type="jump" coverage="100%"/>
									</conditions>
								</line>
								<line number="1175" hits="0" branch="false"/>
								<line number="1176" hits="0" branch="false"/>
							</lines>
						</method>
						<method name="getPrefix" signature="(Ljava/lang/StringBuilder;Z)Ljava/lang/StringBuilder;" line-rate="0.6923076923076923" branch-rate="0.5714285714285714">
							<lines>
								<line number="1181" hits="1449" branch="true" condition-coverage="100% (2/2)">
									<conditions>
										<condition number="0" type="jump" coverage="100%"/>
									</conditions>
								</line>
								<line number="1182" hits="1058" branch="false"/>
								<line number="1185" hits="1449" branch="true" condition-coverage="50% (1/2)">
									<conditions>
										<condition number="0" type="jump" coverage="50%"/>
									</conditions>
								</line>
								<line number="1186" hits="1449" branch="true" condition-coverage="50% (1/2)">
									<conditions>
										<condition number="0" type="jump" coverage="50%"/>
									</conditions>
								</line>
								<line number="1187" hits="1449" branch="true" condition-coverage="100% (2/2)">
									<conditions>
										<condition number="0" type="jump" coverage="100%"/>
									</conditions>
								</line>
								<line number="1188" hits="805" branch="true" condition-coverage="100% (2/2)">
									<conditions>
										<condition number="0" type="jump" coverage="100%"/>
									</conditions>
								</line>
								<line number="1189" hits="460" branch="false"/>
								<line number="1191" hits="805" branch="false"/>
								<line number="1194" hits="0" branch="true" condition-coverage="0% (0/2)">
									<conditions>
										<condition number="0" type="jump" coverage="0%"/>
									</conditions>
								</line>
								<line number="1195" hits="0" branch="true" condition-coverage="0% (0/2)">
									<conditions>
										<condition number="0" type="jump" coverage="0%"/>
									</conditions>
								</line>
								<line number="1196" hits="0" branch="false"/>
								<line number="1198" hits="0" branch="false"/>
								<line number="1202" hits="1449" branch="false"/>
							</lines>
						</method>
						<method name="getPrefixConfig" signature="()Lnet/sf/prefixedproperties/config/PrefixConfig;" line-rate="1.0" branch-rate="1.0">
							<lines>
								<line number="1211" hits="9062" branch="false"/>
								<line number="1213" hits="9062" branch="false"/>
								<line number="1215" hits="9062" branch="false"/>
							</lines>
						</method>
						<method name="getPrefixConfigs" signature="()Ljava/util/Map;" line-rate="1.0" branch-rate="1.0">
							<lines>
								<line number="1220" hits="3289" branch="false"/>
							</lines>
						</method>
						<method name="getPrefixConfigs" signature="(Ljava/util/Map;)Ljava/util/Map;" line-rate="1.0" branch-rate="1.0">
							<lines>
								<line number="1224" hits="8096" branch="true" condition-coverage="100% (2/2)">
									<conditions>
										<condition number="0" type="jump" coverage="100%"/>
									</conditions>
								</line>
								<line number="1225" hits="4807" branch="false"/>
								<line number="1227" hits="8096" branch="false"/>
								<line number="1228" hits="8096" branch="false"/>
							</lines>
						</method>
						<method name="getPrefixedKey" signature="(Ljava/lang/Object;Z)Ljava/lang/Object;" line-rate="0.8571428571428571" branch-rate="0.8333333333333334">
							<lines>
								<line number="1233" hits="8257" branch="true" condition-coverage="100% (2/2)">
									<conditions>
										<condition number="0" type="jump" coverage="100%"/>
									</conditions>
								</line>
								<line number="1234" hits="7682" branch="true" condition-coverage="100% (2/2)">
									<conditions>
										<condition number="0" type="jump" coverage="100%"/>
									</conditions>
								</line>
								<line number="1235" hits="1288" branch="false"/>
								<line number="1237" hits="6394" branch="true" condition-coverage="50% (1/2)">
									<conditions>
										<condition number="0" type="jump" coverage="50%"/>
									</conditions>
								</line>
								<line number="1238" hits="6394" branch="false"/>
								<line number="1240" hits="0" branch="false"/>
								<line number="1244" hits="575" branch="false"/>
							</lines>
						</method>
						<method name="getPrefixes" signature="()Ljava/util/Set;" line-rate="1.0" branch-rate="0.5">
							<lines>
								<line number="1248" hits="23" branch="true" condition-coverage="50% (1/2)">
									<conditions>
										<condition number="0" type="jump" coverage="50%"/>
									</conditions>
								</line>
							</lines>
						</method>
						<method name="getProperty" signature="(Ljava/lang/String;)Ljava/lang/String;" line-rate="1.0" branch-rate="0.625">
							<lines>
								<line number="1263" hits="1127" branch="false"/>
								<line number="1265" hits="1127" branch="true" condition-coverage="25% (1/4)">
									<conditions>
										<condition number="0" type="jump" coverage="50%"/>
										<condition number="1" type="jump" coverage="0%"/>
									</conditions>
								</line>
								<line number="1266" hits="1127" branch="false"/>
								<line number="1267" hits="1127" branch="true" condition-coverage="100% (2/2)">
									<conditions>
										<condition number="0" type="jump" coverage="100%"/>
									</conditions>
								</line>
								<line number="1268" hits="667" branch="false"/>
								<line number="1270" hits="460" branch="true" condition-coverage="100% (2/2)">
									<conditions>
										<condition number="0" type="jump" coverage="100%"/>
									</conditions>
								</line>
								<line number="1271" hits="437" branch="false"/>
								<line number="1273" hits="23" branch="false"/>
								<line number="1276" hits="1127" branch="false"/>
							</lines>
						</method>
						<method name="getProperty" signature="(Ljava/lang/String;Ljava/lang/String;)Ljava/lang/String;" line-rate="1.0" branch-rate="0.5">
							<lines>
								<line number="1294" hits="23" branch="false"/>
								<line number="1295" hits="23" branch="true" condition-coverage="50% (1/2)">
									<conditions>
										<condition number="0" type="jump" coverage="50%"/>
									</conditions>
								</line>
							</lines>
						</method>
						<method name="getShort" signature="(Ljava/lang/String;)S" line-rate="1.0" branch-rate="1.0">
							<lines>
								<line number="1306" hits="46" branch="false"/>
								<line number="1307" hits="46" branch="true" condition-coverage="100% (2/2)">
									<conditions>
										<condition number="0" type="jump" coverage="100%"/>
									</conditions>
								</line>
								<line number="1308" hits="23" branch="false"/>
								<line number="1310" hits="23" branch="false"/>
							</lines>
						</method>
						<method name="getShort" signature="(Ljava/lang/String;S)S" line-rate="1.0" branch-rate="1.0">
							<lines>
								<line number="1325" hits="46" branch="false"/>
								<line number="1326" hits="23" branch="false"/>
								<line number="1327" hits="23" branch="false"/>
							</lines>
						</method>
						<method name="getShortArray" signature="(Ljava/lang/String;)[S" line-rate="1.0" branch-rate="1.0">
							<lines>
								<line number="1340" hits="46" branch="false"/>
								<line number="1341" hits="46" branch="true" condition-coverage="100% (2/2)">
									<conditions>
										<condition number="0" type="jump" coverage="100%"/>
									</conditions>
								</line>
								<line number="1342" hits="23" branch="false"/>
								<line number="1343" hits="92" branch="true" condition-coverage="100% (2/2)">
									<conditions>
										<condition number="0" type="jump" coverage="100%"/>
									</conditions>
								</line>
								<line number="1344" hits="69" branch="false"/>
								<line number="1346" hits="23" branch="false"/>
								<line number="1348" hits="23" branch="false"/>
							</lines>
						</method>
						<method name="getShortArray" signature="(Ljava/lang/String;[S)[S" line-rate="0.5" branch-rate="1.0">
							<lines>
								<line number="1364" hits="46" branch="false"/>
								<line number="1365" hits="46" branch="true" condition-coverage="100% (2/2)">
									<conditions>
										<condition number="0" type="jump" coverage="100%"/>
									</conditions>
								</line>
								<line number="1366" hits="0" branch="false"/>
								<line number="1367" hits="0" branch="false"/>
							</lines>
						</method>
						<method name="getToSetPrefixMap" signature="(Ljava/util/List;Ljava/util/Map;)Ljava/util/List;" line-rate="1.0" branch-rate="1.0">
							<lines>
								<line number="1372" hits="2530" branch="false"/>
								<line number="1373" hits="2530" branch="false"/>
								<line number="1374" hits="2530" branch="false"/>
								<line number="1375" hits="2530" branch="false"/>
								<line number="1376" hits="2530" branch="true" condition-coverage="100% (2/2)">
									<conditions>
										<condition number="0" type="jump" coverage="100%"/>
									</conditions>
								</line>
								<line number="1377" hits="3220" branch="true" condition-coverage="100% (2/2)">
									<conditions>
										<condition number="0" type="jump" coverage="100%"/>
									</conditions>
								</line>
								<line number="1378" hits="782" branch="false"/>
								<line number="1380" hits="2438" branch="false"/>
								<line number="1381" hits="2438" branch="false"/>
								<line number="1382" hits="2438" branch="true" condition-coverage="100% (2/2)">
									<conditions>
										<condition number="0" type="jump" coverage="100%"/>
									</conditions>
								</line>
								<line number="1384" hits="920" branch="false"/>
								<line number="1385" hits="115" branch="false"/>
								<line number="1386" hits="115" branch="false"/>
								<line number="1387" hits="805" branch="false"/>
								<line number="1388" hits="805" branch="false"/>
								<line number="1389" hits="805" branch="false"/>
								<line number="1390" hits="805" branch="false"/>
								<line number="1391" hits="1518" branch="true" condition-coverage="100% (2/2)">
									<conditions>
										<condition number="0" type="jump" coverage="100%"/>
									</conditions>
								</line>
								<line number="1392" hits="1127" branch="false"/>
								<line number="1393" hits="1127" branch="false"/>
								<line number="1395" hits="2323" branch="false"/>
								<line number="1396" hits="2530" branch="true" condition-coverage="100% (2/2)">
									<conditions>
										<condition number="0" type="jump" coverage="100%"/>
									</conditions>
								</line>
								<line number="1397" hits="851" branch="false"/>
								<line number="1399" hits="1679" branch="false"/>
							</lines>
						</method>
						<method name="getTreeMap" signature="()Ljava/util/Map;" line-rate="0.9642857142857143" branch-rate="0.9285714285714286">
							<lines>
								<line number="1404" hits="23" branch="false"/>
								<line number="1405" hits="23" branch="false"/>
								<line number="1406" hits="23" branch="false"/>
								<line number="1407" hits="23" branch="false"/>
								<line number="1408" hits="23" branch="false"/>
								<line number="1409" hits="23" branch="true" condition-coverage="100% (2/2)">
									<conditions>
										<condition number="0" type="jump" coverage="100%"/>
									</conditions>
								</line>
								<line number="1410" hits="253" branch="false"/>
								<line number="1411" hits="253" branch="false"/>
								<line number="1412" hits="253" branch="false"/>
								<line number="1413" hits="1012" branch="true" condition-coverage="100% (2/2)">
									<conditions>
										<condition number="0" type="jump" coverage="100%"/>
									</conditions>
								</line>
								<line number="1414" hits="759" branch="false"/>
								<line number="1415" hits="759" branch="false"/>
								<line number="1416" hits="759" branch="true" condition-coverage="100% (4/4)">
									<conditions>
										<condition number="0" type="jump" coverage="100%"/>
										<condition number="1" type="jump" coverage="100%"/>
									</conditions>
								</line>
								<line number="1417" hits="3335" branch="false"/>
								<line number="1418" hits="3335" branch="true" condition-coverage="100% (2/2)">
									<conditions>
										<condition number="0" type="jump" coverage="100%"/>
									</conditions>
								</line>
								<line number="1419" hits="345" branch="false"/>
								<line number="1420" hits="345" branch="true" condition-coverage="100% (2/2)">
									<conditions>
										<condition number="0" type="jump" coverage="100%"/>
									</conditions>
								</line>
								<line number="1421" hits="184" branch="false"/>
								<line number="1422" hits="184" branch="false"/>
								<line number="1424" hits="345" branch="false"/>
								<line number="1425" hits="345" branch="false"/>
								<line number="1426" hits="345" branch="true" condition-coverage="50% (1/2)">
									<conditions>
										<condition number="0" type="jump" coverage="50%"/>
									</conditions>
								</line>
								<line number="1427" hits="345" branch="false"/>
								<line number="1429" hits="0" branch="false"/>
								<line number="1432" hits="3335" branch="false"/>
								<line number="1434" hits="253" branch="false"/>
								<line number="1435" hits="253" branch="false"/>
								<line number="1436" hits="23" branch="false"/>
							</lines>
						</method>
						<method name="getUnprefixedKey" signature="(Ljava/lang/Object;)Ljava/lang/Object;" line-rate="0.8888888888888888" branch-rate="0.8333333333333334">
							<lines>
								<line number="1441" hits="4013" branch="true" condition-coverage="50% (1/2)">
									<conditions>
										<condition number="0" type="jump" coverage="50%"/>
									</conditions>
								</line>
								<line number="1442" hits="0" branch="false"/>
								<line number="1444" hits="4013" branch="true" condition-coverage="100% (2/2)">
									<conditions>
										<condition number="0" type="jump" coverage="100%"/>
									</conditions>
								</line>
								<line number="1445" hits="3921" branch="false"/>
								<line number="1446" hits="3921" branch="true" condition-coverage="100% (2/2)">
									<conditions>
										<condition number="0" type="jump" coverage="100%"/>
									</conditions>
								</line>
								<line number="1447" hits="115" branch="false"/>
								<line number="1449" hits="3921" branch="false"/>
								<line number="1450" hits="3921" branch="false"/>
								<line number="1452" hits="92" branch="false"/>
							</lines>
						</method>
						<method name="hasLocalPrefixConfigurations" signature="()Z" line-rate="1.0" branch-rate="0.8333333333333334">
							<lines>
								<line number="1473" hits="644" branch="true" condition-coverage="83% (5/6)">
									<conditions>
										<condition number="0" type="jump" coverage="100%"/>
										<condition number="1" type="jump" coverage="100%"/>
										<condition number="2" type="jump" coverage="50%"/>
									</conditions>
								</line>
							</lines>
						</method>
						<method name="hashCode" signature="()I" line-rate="1.0" branch-rate="0.5">
							<lines>
								<line number="1460" hits="46" branch="false"/>
								<line number="1461" hits="46" branch="false"/>
								<line number="1462" hits="46" branch="true" condition-coverage="50% (1/2)">
									<conditions>
										<condition number="0" type="jump" coverage="50%"/>
									</conditions>
								</line>
								<line number="1463" hits="46" branch="true" condition-coverage="50% (1/2)">
									<conditions>
										<condition number="0" type="jump" coverage="50%"/>
									</conditions>
								</line>
								<line number="1464" hits="46" branch="false"/>
							</lines>
						</method>
						<method name="isEmpty" signature="()Z" line-rate="1.0" branch-rate="1.0">
							<lines>
								<line number="1481" hits="161" branch="false"/>
								<line number="1483" hits="161" branch="false"/>
								<line number="1485" hits="161" branch="false"/>
							</lines>
						</method>
						<method name="isKeyValid" signature="(Ljava/lang/Object;)Z" line-rate="1.0" branch-rate="1.0">
							<lines>
								<line number="1490" hits="4347" branch="true" condition-coverage="100% (2/2)">
									<conditions>
										<condition number="0" type="jump" coverage="100%"/>
									</conditions>
								</line>
								<line number="1491" hits="23" branch="false"/>
								<line number="1493" hits="4324" branch="true" condition-coverage="100% (2/2)">
									<conditions>
										<condition number="0" type="jump" coverage="100%"/>
									</conditions>
								</line>
								<line number="1494" hits="4278" branch="true" condition-coverage="100% (4/4)">
									<conditions>
										<condition number="0" type="jump" coverage="100%"/>
										<condition number="1" type="jump" coverage="100%"/>
									</conditions>
								</line>
								<line number="1496" hits="46" branch="false"/>
							</lines>
						</method>
						<method name="keySet" signature="()Ljava/util/Set;" line-rate="1.0" branch-rate="1.0">
							<lines>
								<line number="1523" hits="23" branch="false"/>
							</lines>
						</method>
						<method name="keys" signature="()Ljava/util/Enumeration;" line-rate="1.0" branch-rate="1.0">
							<lines>
							</lines>
						</method>
						<method name="keys" signature="()Lnet/sf/prefixedproperties/PrefixedPropertiesEnumeration;" line-rate="1.0" branch-rate="1.0">
							<lines>
								<line number="1505" hits="23" branch="false"/>
								<line number="1508" hits="23" branch="false"/>
								<line number="1510" hits="23" branch="false"/>
								<line number="1511" hits="23" branch="false"/>
								<line number="1513" hits="23" branch="false"/>
							</lines>
						</method>
						<method name="list" signature="(Ljava/io/PrintStream;)V" line-rate="0.0" branch-rate="1.0">
							<lines>
								<line number="1531" hits="0" branch="false"/>
								<line number="1533" hits="0" branch="false"/>
								<line number="1535" hits="0" branch="false"/>
								<line number="1536" hits="0" branch="false"/>
								<line number="1537" hits="0" branch="false"/>
							</lines>
						</method>
						<method name="list" signature="(Ljava/io/PrintWriter;)V" line-rate="0.0" branch-rate="1.0">
							<lines>
								<line number="1544" hits="0" branch="false"/>
								<line number="1546" hits="0" branch="false"/>
								<line number="1548" hits="0" branch="false"/>
								<line number="1549" hits="0" branch="false"/>
								<line number="1550" hits="0" branch="false"/>
							</lines>
						</method>
						<method name="load" signature="(Ljava/io/InputStream;)V" line-rate="1.0" branch-rate="1.0">
							<lines>
								<line number="1557" hits="115" branch="false"/>
								<line number="1559" hits="115" branch="false"/>
								<line number="1561" hits="115" branch="false"/>
								<line number="1562" hits="115" branch="false"/>
								<line number="1563" hits="115" branch="false"/>
							</lines>
						</method>
						<method name="load" signature="(Ljava/io/Reader;)V" line-rate="0.0" branch-rate="1.0">
							<lines>
								<line number="1570" hits="0" branch="false"/>
								<line number="1572" hits="0" branch="false"/>
								<line number="1574" hits="0" branch="false"/>
								<line number="1575" hits="0" branch="false"/>
								<line number="1576" hits="0" branch="false"/>
							</lines>
						</method>
						<method name="loadFromJSON" signature="(Ljava/io/InputStream;)V" line-rate="1.0" branch-rate="0.5">
							<lines>
								<line number="1587" hits="46" branch="false"/>
								<line number="1589" hits="46" branch="false"/>
								<line number="1590" hits="46" branch="false"/>
								<line number="1591" hits="46" branch="false"/>
								<line number="1592" hits="46" branch="true" condition-coverage="50% (1/2)">
									<conditions>
										<condition number="0" type="jump" coverage="50%"/>
									</conditions>
								</line>
								<line number="1593" hits="46" branch="false"/>
								<line number="1596" hits="46" branch="false"/>
								<line number="1597" hits="46" branch="false"/>
								<line number="1598" hits="46" branch="false"/>
							</lines>
						</method>
						<method name="loadFromJSON" signature="(Ljava/io/Reader;)V" line-rate="0.0" branch-rate="0.0">
							<lines>
								<line number="1609" hits="0" branch="false"/>
								<line number="1611" hits="0" branch="false"/>
								<line number="1612" hits="0" branch="false"/>
								<line number="1613" hits="0" branch="false"/>
								<line number="1614" hits="0" branch="true" condition-coverage="0% (0/2)">
									<conditions>
										<condition number="0" type="jump" coverage="0%"/>
									</conditions>
								</line>
								<line number="1615" hits="0" branch="false"/>
								<line number="1618" hits="0" branch="false"/>
								<line number="1619" hits="0" branch="false"/>
								<line number="1620" hits="0" branch="false"/>
							</lines>
						</method>
						<method name="loadFromXML" signature="(Ljava/io/InputStream;)V" line-rate="0.0" branch-rate="1.0">
							<lines>
								<line number="1627" hits="0" branch="false"/>
								<line number="1629" hits="0" branch="false"/>
								<line number="1631" hits="0" branch="false"/>
								<line number="1632" hits="0" branch="false"/>
								<line number="1633" hits="0" branch="false"/>
							</lines>
						</method>
						<method name="propertyNames" signature="()Ljava/util/Enumeration;" line-rate="1.0" branch-rate="1.0">
							<lines>
							</lines>
						</method>
						<method name="propertyNames" signature="()Lnet/sf/prefixedproperties/PrefixedPropertiesEnumeration;" line-rate="1.0" branch-rate="1.0">
							<lines>
								<line number="1641" hits="46" branch="false"/>
								<line number="1643" hits="46" branch="false"/>
								<line number="1644" hits="46" branch="true" condition-coverage="100% (2/2)">
									<conditions>
										<condition number="0" type="jump" coverage="100%"/>
									</conditions>
								</line>
								<line number="1645" hits="92" branch="false"/>
								<line number="1646" hits="92" branch="false"/>
								<line number="1647" hits="46" branch="false"/>
								<line number="1649" hits="46" branch="false"/>
							</lines>
						</method>
						<method name="put" signature="(Ljava/lang/Object;Ljava/lang/Object;)Ljava/lang/Object;" line-rate="1.0" branch-rate="1.0">
							<lines>
								<line number="1658" hits="1725" branch="false"/>
								<line number="1660" hits="1725" branch="false"/>
								<line number="1662" hits="1725" branch="false"/>
							</lines>
						</method>
						<method name="putAll" signature="(Ljava/util/Map;)V" line-rate="0.0" branch-rate="1.0">
							<lines>
								<line number="1671" hits="0" branch="false"/>
								<line number="1673" hits="0" branch="false"/>
								<line number="1675" hits="0" branch="false"/>
								<line number="1676" hits="0" branch="false"/>
								<line number="1677" hits="0" branch="false"/>
							</lines>
						</method>
						<method name="readObject" signature="(Ljava/io/ObjectInputStream;)V" line-rate="1.0" branch-rate="1.0">
							<lines>
								<line number="1680" hits="23" branch="false"/>
								<line number="1681" hits="23" branch="false"/>
								<line number="1682" hits="23" branch="false"/>
								<line number="1683" hits="23" branch="false"/>
								<line number="1684" hits="23" branch="false"/>
							</lines>
						</method>
						<method name="remove" signature="(Ljava/lang/Object;)Ljava/lang/Object;" line-rate="1.0" branch-rate="0.5">
							<lines>
								<line number="1691" hits="69" branch="false"/>
								<line number="1693" hits="69" branch="true" condition-coverage="25% (1/4)">
									<conditions>
										<condition number="0" type="jump" coverage="50%"/>
										<condition number="1" type="jump" coverage="0%"/>
									</conditions>
								</line>
								<line number="1694" hits="69" branch="false"/>
								<line number="1695" hits="69" branch="false"/>
								<line number="1696" hits="69" branch="true" condition-coverage="100% (2/2)">
									<conditions>
										<condition number="0" type="jump" coverage="100%"/>
									</conditions>
								</line>
								<line number="1697" hits="23" branch="false"/>
								<line number="1699" hits="69" branch="false"/>
								<line number="1701" hits="69" branch="false"/>
							</lines>
						</method>
						<method name="removeAll" signature="(Ljava/lang/Object;)Ljava/util/Map;" line-rate="0.8235294117647058" branch-rate="0.6">
							<lines>
								<line number="1713" hits="23" branch="false"/>
								<line number="1715" hits="23" branch="false"/>
								<line number="1717" hits="23" branch="true" condition-coverage="50% (1/2)">
									<conditions>
										<condition number="0" type="jump" coverage="50%"/>
									</conditions>
								</line>
								<line number="1718" hits="0" branch="false"/>
								<line number="1719" hits="0" branch="true" condition-coverage="0% (0/2)">
									<conditions>
										<condition number="0" type="jump" coverage="0%"/>
									</conditions>
								</line>
								<line number="1720" hits="0" branch="false"/>
								<line number="1723" hits="23" branch="true" condition-coverage="100% (2/2)">
									<conditions>
										<condition number="0" type="jump" coverage="100%"/>
									</conditions>
								</line>
								<line number="1724" hits="184" branch="false"/>
								<line number="1725" hits="184" branch="false"/>
								<line number="1726" hits="184" branch="true" condition-coverage="100% (2/2)">
									<conditions>
										<condition number="0" type="jump" coverage="100%"/>
									</conditions>
								</line>
								<line number="1727" hits="23" branch="false"/>
								<line number="1729" hits="184" branch="false"/>
								<line number="1730" hits="23" branch="false"/>
								<line number="1731" hits="23" branch="true" condition-coverage="50% (1/2)">
									<conditions>
										<condition number="0" type="jump" coverage="50%"/>
									</conditions>
								</line>
								<line number="1732" hits="23" branch="false"/>
								<line number="1735" hits="23" branch="false"/>
								<line number="1737" hits="23" branch="false"/>
							</lines>
						</method>
						<method name="removeProperty" signature="(Ljava/lang/String;)V" line-rate="1.0" branch-rate="1.0">
							<lines>
								<line number="1748" hits="46" branch="false"/>
								<line number="1749" hits="46" branch="false"/>
							</lines>
						</method>
						<method name="save" signature="(Ljava/io/OutputStream;Ljava/lang/String;)V" line-rate="0.0" branch-rate="1.0">
							<lines>
								<line number="1757" hits="0" branch="false"/>
								<line number="1759" hits="0" branch="false"/>
								<line number="1761" hits="0" branch="false"/>
								<line number="1762" hits="0" branch="false"/>
								<line number="1763" hits="0" branch="false"/>
							</lines>
						</method>
						<method name="setDefaultPrefix" signature="(Ljava/lang/String;)V" line-rate="1.0" branch-rate="1.0">
							<lines>
								<line number="1772" hits="598" branch="false"/>
								<line number="1774" hits="598" branch="false"/>
								<line number="1775" hits="598" branch="false"/>
								<line number="1776" hits="598" branch="false"/>
								<line number="1778" hits="598" branch="false"/>
								<line number="1779" hits="598" branch="false"/>
								<line number="1780" hits="598" branch="false"/>
							</lines>
						</method>
						<method name="setDefaultPrefixes" signature="(Ljava/util/List;)V" line-rate="0.875" branch-rate="1.0">
							<lines>
								<line number="1783" hits="598" branch="false"/>
								<line number="1785" hits="598" branch="false"/>
								<line number="1786" hits="598" branch="false"/>
								<line number="1787" hits="598" branch="true" condition-coverage="100% (2/2)">
									<conditions>
										<condition number="0" type="jump" coverage="100%"/>
									</conditions>
								</line>
								<line number="1788" hits="644" branch="false"/>
								<line number="1789" hits="644" branch="false"/>
								<line number="1790" hits="644" branch="false"/>
								<line number="1791" hits="598" branch="false"/>
								<line number="1792" hits="598" branch="true" condition-coverage="100% (2/2)">
									<conditions>
										<condition number="0" type="jump" coverage="100%"/>
									</conditions>
								</line>
								<line number="1793" hits="851" branch="true" condition-coverage="100% (2/2)">
									<conditions>
										<condition number="0" type="jump" coverage="100%"/>
									</conditions>
								</line>
								<line number="1794" hits="207" branch="false"/>
								<line number="1796" hits="851" branch="false"/>
								<line number="1797" hits="0" branch="false"/>
								<line number="1798" hits="0" branch="false"/>
								<line number="1799" hits="598" branch="false"/>
								<line number="1800" hits="598" branch="false"/>
							</lines>
						</method>
						<method name="setLocalPrefix" signature="(Ljava/lang/String;)V" line-rate="1.0" branch-rate="1.0">
							<lines>
								<line number="1809" hits="1012" branch="false"/>
								<line number="1811" hits="1012" branch="false"/>
								<line number="1812" hits="1012" branch="false"/>
								<line number="1813" hits="1012" branch="false"/>
								<line number="1815" hits="1012" branch="false"/>
								<line number="1816" hits="966" branch="false"/>
								<line number="1817" hits="966" branch="false"/>
							</lines>
						</method>
						<method name="setMixDefaultAndLocalPrefixSettings" signature="(Z)V" line-rate="1.0" branch-rate="1.0">
							<lines>
								<line number="1825" hits="46" branch="false"/>
								<line number="1826" hits="46" branch="true" condition-coverage="100% (2/2)">
									<conditions>
										<condition number="0" type="jump" coverage="100%"/>
									</conditions>
								</line>
								<line number="1827" hits="23" branch="false"/>
								<line number="1829" hits="46" branch="false"/>
							</lines>
						</method>
						<method name="setPrefixConfig" signature="(Lnet/sf/prefixedproperties/config/PrefixConfig;)V" line-rate="0.8571428571428571" branch-rate="0.5">
							<lines>
								<line number="1838" hits="1380" branch="false"/>
								<line number="1840" hits="1380" branch="true" condition-coverage="50% (1/2)">
									<conditions>
										<condition number="0" type="jump" coverage="50%"/>
									</conditions>
								</line>
								<line number="1841" hits="0" branch="false"/>
								<line number="1843" hits="1380" branch="false"/>
								<line number="1846" hits="1380" branch="false"/>
								<line number="1847" hits="1380" branch="false"/>
								<line number="1848" hits="1380" branch="false"/>
							</lines>
						</method>
						<method name="setPrefixes" signature="(Ljava/util/List;)V" line-rate="1.0" branch-rate="1.0">
							<lines>
								<line number="1851" hits="1012" branch="false"/>
								<line number="1853" hits="1012" branch="false"/>
								<line number="1854" hits="966" branch="false"/>
								<line number="1855" hits="966" branch="true" condition-coverage="100% (2/2)">
									<conditions>
										<condition number="0" type="jump" coverage="100%"/>
									</conditions>
								</line>
								<line number="1856" hits="1150" branch="false"/>
								<line number="1857" hits="1150" branch="false"/>
								<line number="1858" hits="1150" branch="false"/>
								<line number="1859" hits="966" branch="false"/>
								<line number="1860" hits="966" branch="true" condition-coverage="100% (2/2)">
									<conditions>
										<condition number="0" type="jump" coverage="100%"/>
									</conditions>
								</line>
								<line number="1861" hits="2898" branch="true" condition-coverage="100% (2/2)">
									<conditions>
										<condition number="0" type="jump" coverage="100%"/>
									</conditions>
								</line>
								<line number="1862" hits="1748" branch="false"/>
								<line number="1864" hits="2898" branch="false"/>
								<line number="1865" hits="46" branch="false"/>
								<line number="1866" hits="46" branch="false"/>
								<line number="1867" hits="966" branch="false"/>
								<line number="1868" hits="966" branch="false"/>
							</lines>
						</method>
						<method name="setProperty" signature="(Ljava/lang/String;Ljava/lang/String;)Ljava/lang/Object;" line-rate="1.0" branch-rate="1.0">
							<lines>
								<line number="1875" hits="2300" branch="false"/>
								<line number="1877" hits="2300" branch="false"/>
								<line number="1879" hits="2300" branch="false"/>
							</lines>
						</method>
						<method name="size" signature="()I" line-rate="1.0" branch-rate="1.0">
							<lines>
								<line number="1888" hits="322" branch="false"/>
								<line number="1890" hits="322" branch="false"/>
								<line number="1892" hits="322" branch="false"/>
							</lines>
						</method>
						<method name="split" signature="(Ljava/lang/String;)Ljava/util/List;" line-rate="1.0" branch-rate="1.0">
							<lines>
								<line number="1898" hits="1610" branch="true" condition-coverage="100% (2/2)">
									<conditions>
										<condition number="0" type="jump" coverage="100%"/>
									</conditions>
								</line>
								<line number="1899" hits="322" branch="false"/>
								<line number="1901" hits="1288" branch="false"/>
								<line number="1902" hits="1288" branch="false"/>
								<line number="1904" hits="1610" branch="false"/>
							</lines>
						</method>
						<method name="startsWithCurrentPrefix" signature="(Ljava/lang/Object;)Z" line-rate="0.6666666666666666" branch-rate="0.5">
							<lines>
								<line number="1908" hits="2967" branch="true" condition-coverage="50% (2/4)">
									<conditions>
										<condition number="0" type="jump" coverage="50%"/>
										<condition number="1" type="jump" coverage="50%"/>
									</conditions>
								</line>
								<line number="1909" hits="2967" branch="false"/>
								<line number="1911" hits="0" branch="false"/>
							</lines>
						</method>
						<method name="store" signature="(Ljava/io/OutputStream;Ljava/lang/String;)V" line-rate="0.0" branch-rate="1.0">
							<lines>
								<line number="1919" hits="0" branch="false"/>
								<line number="1921" hits="0" branch="false"/>
								<line number="1923" hits="0" branch="false"/>
								<line number="1924" hits="0" branch="false"/>
								<line number="1925" hits="0" branch="false"/>
							</lines>
						</method>
						<method name="store" signature="(Ljava/io/OutputStream;Ljava/lang/String;Ljava/lang/String;)V" line-rate="0.0" branch-rate="1.0">
							<lines>
								<line number="1940" hits="0" branch="false"/>
								<line number="1942" hits="0" branch="false"/>
								<line number="1944" hits="0" branch="false"/>
								<line number="1945" hits="0" branch="false"/>
								<line number="1946" hits="0" branch="false"/>
							</lines>
						</method>
						<method name="store" signature="(Ljava/io/Writer;Ljava/lang/String;)V" line-rate="0.0" branch-rate="1.0">
							<lines>
								<line number="1953" hits="0" branch="false"/>
								<line number="1955" hits="0" branch="false"/>
								<line number="1957" hits="0" branch="false"/>
								<line number="1958" hits="0" branch="false"/>
								<line number="1959" hits="0" branch="false"/>
							</lines>
						</method>
						<method name="storeToJSON" signature="(Ljava/io/OutputStream;)V" line-rate="1.0" branch-rate="1.0">
							<lines>
								<line number="1970" hits="23" branch="false"/>
								<line number="1972" hits="23" branch="false"/>
								<line number="1973" hits="23" branch="false"/>
								<line number="1974" hits="23" branch="false"/>
								<line number="1975" hits="23" branch="false"/>
								<line number="1976" hits="23" branch="false"/>
								<line number="1978" hits="23" branch="false"/>
								<line number="1979" hits="23" branch="false"/>
								<line number="1980" hits="23" branch="false"/>
								<line number="1981" hits="23" branch="false"/>
								<line number="1983" hits="23" branch="false"/>
								<line number="1984" hits="23" branch="false"/>
								<line number="1985" hits="23" branch="false"/>
							</lines>
						</method>
						<method name="storeToJSON" signature="(Ljava/io/OutputStream;Ljava/lang/String;)V" line-rate="0.0" branch-rate="1.0">
							<lines>
								<line number="1998" hits="0" branch="false"/>
								<line number="1999" hits="0" branch="false"/>
							</lines>
						</method>
						<method name="storeToJSON" signature="(Ljava/io/OutputStream;Ljava/lang/String;Ljava/lang/String;)V" line-rate="0.0" branch-rate="0.0">
							<lines>
								<line number="2002" hits="0" branch="false"/>
								<line number="2004" hits="0" branch="false"/>
								<line number="2005" hits="0" branch="false"/>
								<line number="2006" hits="0" branch="false"/>
								<line number="2007" hits="0" branch="false"/>
								<line number="2008" hits="0" branch="false"/>
								<line number="2010" hits="0" branch="false"/>
								<line number="2011" hits="0" branch="true" condition-coverage="0% (0/2)">
									<conditions>
										<condition number="0" type="jump" coverage="0%"/>
									</conditions>
								</line>
								<line number="2012" hits="0" branch="false"/>
								<line number="2013" hits="0" branch="false"/>
								<line number="2014" hits="0" branch="false"/>
								<line number="2017" hits="0" branch="false"/>
								<line number="2018" hits="0" branch="false"/>
								<line number="2019" hits="0" branch="false"/>
								<line number="2021" hits="0" branch="false"/>
								<line number="2022" hits="0" branch="false"/>
								<line number="2023" hits="0" branch="false"/>
							</lines>
						</method>
						<method name="storeToXML" signature="(Ljava/io/OutputStream;Ljava/lang/String;)V" line-rate="0.0" branch-rate="1.0">
							<lines>
								<line number="2030" hits="0" branch="false"/>
								<line number="2032" hits="0" branch="false"/>
								<line number="2034" hits="0" branch="false"/>
								<line number="2035" hits="0" branch="false"/>
								<line number="2036" hits="0" branch="false"/>
							</lines>
						</method>
						<method name="storeToXML" signature="(Ljava/io/OutputStream;Ljava/lang/String;Ljava/lang/String;)V" line-rate="0.0" branch-rate="1.0">
							<lines>
								<line number="2043" hits="0" branch="false"/>
								<line number="2045" hits="0" branch="false"/>
								<line number="2047" hits="0" branch="false"/>
								<line number="2048" hits="0" branch="false"/>
								<line number="2049" hits="0" branch="false"/>
							</lines>
						</method>
						<method name="stringPropertyNames" signature="()Ljava/util/Set;" line-rate="1.0" branch-rate="1.0">
							<lines>
								<line number="2056" hits="23" branch="false"/>
								<line number="2058" hits="23" branch="false"/>
								<line number="2059" hits="23" branch="true" condition-coverage="100% (2/2)">
									<conditions>
										<condition number="0" type="jump" coverage="100%"/>
									</conditions>
								</line>
								<line number="2060" hits="46" branch="false"/>
								<line number="2061" hits="46" branch="false"/>
								<line number="2062" hits="23" branch="false"/>
								<line number="2064" hits="23" branch="false"/>
							</lines>
						</method>
						<method name="toString" signature="()Ljava/lang/String;" line-rate="0.0" branch-rate="1.0">
							<lines>
								<line number="2073" hits="0" branch="false"/>
								<line number="2075" hits="0" branch="false"/>
								<line number="2077" hits="0" branch="false"/>
							</lines>
						</method>
						<method name="traverseJSON" signature="(Lorg/codehaus/jackson/JsonParser;Ljava/lang/String;)V" line-rate="1.0" branch-rate="1.0">
							<lines>
								<line number="2082" hits="1288" branch="true" condition-coverage="100% (2/2)">
									<conditions>
										<condition number="0" type="jump" coverage="100%"/>
									</conditions>
								</line>
								<line number="2083" hits="874" branch="false"/>
								<line number="2084" hits="874" branch="true" condition-coverage="100% (2/2)">
[...]
						<line number="130" hits="69" branch="false"/>
						<line number="131" hits="69" branch="false"/>
						<line number="132" hits="69" branch="false"/>
						<line number="133" hits="69" branch="false"/>
						<line number="134" hits="69" branch="false"/>
						<line number="135" hits="0" branch="false"/>
						<line number="136" hits="0" branch="false"/>
						<line number="142" hits="644" branch="true" condition-coverage="100% (2/2)">
							<conditions>
								<condition number="0" type="jump" coverage="100%"/>
							</conditions>
						</line>
						<line number="150" hits="13501" branch="true" condition-coverage="50% (1/2)">
							<conditions>
								<condition number="0" type="jump" coverage="50%"/>
							</conditions>
						</line>
						<line number="151" hits="13501" branch="false"/>
						<line number="153" hits="13501" branch="true" condition-coverage="100% (2/2)">
							<conditions>
								<condition number="0" type="jump" coverage="100%"/>
							</conditions>
						</line>
						<line number="154" hits="80086" branch="true" condition-coverage="100% (4/4)">
							<conditions>
								<condition number="0" type="jump" coverage="100%"/>
								<condition number="1" type="jump" coverage="100%"/>
							</conditions>
						</line>
						<line number="155" hits="5382" branch="false"/>
						<line number="157" hits="74704" branch="false"/>
						<line number="159" hits="13501" branch="false"/>
						<line number="160" hits="8119" branch="false"/>
						<line number="162" hits="8119" branch="false"/>
						<line number="170" hits="4140" branch="true" condition-coverage="100% (2/2)">
							<conditions>
								<condition number="0" type="jump" coverage="100%"/>
							</conditions>
						</line>
						<line number="171" hits="1794" branch="false"/>
						<line number="173" hits="2346" branch="true" condition-coverage="50% (1/2)">
							<conditions>
								<condition number="0" type="jump" coverage="50%"/>
							</conditions>
						</line>
						<line number="174" hits="0" branch="false"/>
						<line number="176" hits="2346" branch="true" condition-coverage="100% (2/2)">
							<conditions>
								<condition number="0" type="jump" coverage="100%"/>
							</conditions>
						</line>
						<line number="177" hits="2185" branch="false"/>
						<line number="179" hits="161" branch="false"/>
						<line number="180" hits="161" branch="true" condition-coverage="50% (1/2)">
							<conditions>
								<condition number="0" type="jump" coverage="50%"/>
							</conditions>
						</line>
						<line number="181" hits="0" branch="true" condition-coverage="0% (0/2)">
							<conditions>
								<condition number="0" type="jump" coverage="0%"/>
							</conditions>
						</line>
						<line number="182" hits="0" branch="false"/>
						<line number="184" hits="161" branch="true" condition-coverage="100% (2/2)">
							<conditions>
								<condition number="0" type="jump" coverage="100%"/>
							</conditions>
						</line>
						<line number="185" hits="115" branch="false"/>
						<line number="187" hits="46" branch="false"/>
						<line number="196" hits="0" branch="false"/>
						<line number="197" hits="0" branch="false"/>
						<line number="198" hits="0" branch="false"/>
						<line number="231" hits="989" branch="false"/>
						<line number="233" hits="989" branch="false"/>
						<line number="235" hits="989" branch="false"/>
						<line number="244" hits="17319" branch="false"/>
						<line number="245" hits="17319" branch="true" condition-coverage="100% (2/2)">
							<conditions>
								<condition number="0" type="jump" coverage="100%"/>
							</conditions>
						</line>
						<line number="246" hits="14904" branch="false"/>
						<line number="248" hits="2415" branch="false"/>
						<line number="260" hits="120079" branch="false"/>
						<line number="268" hits="7337" branch="false"/>
						<line number="270" hits="7337" branch="true" condition-coverage="100% (2/2)">
							<conditions>
								<condition number="0" type="jump" coverage="100%"/>
							</conditions>
						</line>
						<line number="271" hits="7337" branch="true" condition-coverage="100% (2/2)">
							<conditions>
								<condition number="0" type="jump" coverage="100%"/>
							</conditions>
						</line>
						<line number="273" hits="7337" branch="false"/>
						<line number="282" hits="5543" branch="false"/>
						<line number="284" hits="5543" branch="true" condition-coverage="50% (3/6)">
							<conditions>
								<condition number="0" type="jump" coverage="50%"/>
								<condition number="1" type="jump" coverage="50%"/>
								<condition number="2" type="jump" coverage="50%"/>
							</conditions>
						</line>
						<line number="285" hits="5543" branch="false"/>
						<line number="288" hits="5543" branch="false"/>
						<line number="289" hits="0" branch="false"/>
						<line number="290" hits="0" branch="false"/>
						<line number="298" hits="1495" branch="false"/>
						<line number="300" hits="1495" branch="false"/>
						<line number="302" hits="1495" branch="false"/>
						<line number="311" hits="3921" branch="true" condition-coverage="50% (1/2)">
							<conditions>
								<condition number="0" type="jump" coverage="50%"/>
							</conditions>
						</line>
						<line number="312" hits="3921" branch="false"/>
						<line number="314" hits="3921" branch="true" condition-coverage="100% (2/2)">
							<conditions>
								<condition number="0" type="jump" coverage="100%"/>
							</conditions>
						</line>
						<line number="315" hits="30747" branch="true" condition-coverage="100% (2/2)">
							<conditions>
								<condition number="0" type="jump" coverage="100%"/>
							</conditions>
						</line>
						<line number="316" hits="1863" branch="false"/>
						<line number="318" hits="28884" branch="false"/>
						<line number="320" hits="3921" branch="false"/>
						<line number="321" hits="2058" branch="false"/>
						<line number="322" hits="2058" branch="false"/>
						<line number="324" hits="0" branch="false"/>
						<line number="332" hits="3921" branch="false"/>
						<line number="340" hits="46" branch="false"/>
						<line number="341" hits="46" branch="false"/>
						<line number="342" hits="46" branch="true" condition-coverage="50% (1/2)">
							<conditions>
								<condition number="0" type="jump" coverage="50%"/>
							</conditions>
						</line>
						<line number="344" hits="46" branch="true" condition-coverage="100% (2/2)">
							<conditions>
								<condition number="0" type="jump" coverage="100%"/>
							</conditions>
						</line>
						<line number="345" hits="368" branch="false"/>
						<line number="346" hits="368" branch="false"/>
						<line number="348" hits="46" branch="false"/>
						<line number="356" hits="1518" branch="false"/>
						<line number="364" hits="0" branch="false"/>
						<line number="368" hits="23" branch="false"/>
						<line number="369" hits="23" branch="false"/>
						<line number="370" hits="23" branch="false"/>
						<line number="371" hits="207" branch="true" condition-coverage="100% (2/2)">
							<conditions>
								<condition number="0" type="jump" coverage="100%"/>
							</conditions>
						</line>
						<line number="372" hits="184" branch="false"/>
						<line number="374" hits="23" branch="false"/>
						<line number="375" hits="23" branch="false"/>
						<line number="376" hits="23" branch="false"/>
						<line number="378" hits="23" branch="false"/>
						<line number="385" hits="2024" branch="false"/>
						<line number="387" hits="2024" branch="true" condition-coverage="75% (3/4)">
							<conditions>
								<condition number="0" type="jump" coverage="100%"/>
								<condition number="1" type="jump" coverage="50%"/>
							</conditions>
						</line>
						<line number="388" hits="230" branch="false"/>
						<line number="390" hits="1794" branch="true" condition-coverage="50% (1/2)">
							<conditions>
								<condition number="0" type="jump" coverage="50%"/>
							</conditions>
						</line>
						<line number="391" hits="1794" branch="true" condition-coverage="50% (1/2)">
							<conditions>
								<condition number="0" type="jump" coverage="50%"/>
							</conditions>
						</line>
						<line number="392" hits="0" branch="false"/>
						<line number="395" hits="1794" branch="false"/>
						<line number="398" hits="2024" branch="false"/>
						<line number="399" hits="2024" branch="false"/>
						<line number="400" hits="2024" branch="false"/>
						<line number="410" hits="2967" branch="false"/>
						<line number="412" hits="2967" branch="true" condition-coverage="75% (3/4)">
							<conditions>
								<condition number="0" type="jump" coverage="100%"/>
								<condition number="1" type="jump" coverage="50%"/>
							</conditions>
						</line>
						<line number="413" hits="1771" branch="false"/>
						<line number="415" hits="1196" branch="true" condition-coverage="50% (1/2)">
							<conditions>
								<condition number="0" type="jump" coverage="50%"/>
							</conditions>
						</line>
						<line number="416" hits="1196" branch="true" condition-coverage="100% (2/2)">
							<conditions>
								<condition number="0" type="jump" coverage="100%"/>
							</conditions>
						</line>
						<line number="417" hits="23" branch="false"/>
						<line number="420" hits="1173" branch="false"/>
						<line number="423" hits="2967" branch="false"/>
						<line number="424" hits="2944" branch="false"/>
						<line number="425" hits="2944" branch="false"/>
						<line number="434" hits="2001" branch="true" condition-coverage="50% (1/2)">
							<conditions>
								<condition number="0" type="jump" coverage="50%"/>
							</conditions>
						</line>
						<line number="435" hits="0" branch="false"/>
						<line number="437" hits="2001" branch="false"/>
						<line number="438" hits="2001" branch="true" condition-coverage="100% (2/2)">
							<conditions>
								<condition number="0" type="jump" coverage="100%"/>
							</conditions>
						</line>
						<line number="439" hits="9936" branch="true" condition-coverage="50% (1/2)">
							<conditions>
								<condition number="0" type="jump" coverage="50%"/>
							</conditions>
						</line>
						<line number="440" hits="9936" branch="false"/>
						<line number="442" hits="9936" branch="false"/>
						<line number="443" hits="2001" branch="false"/>
						<line number="445" hits="2001" branch="false"/>
						<line number="446" hits="2001" branch="true" condition-coverage="75% (3/4)">
							<conditions>
								<condition number="0" type="jump" coverage="100%"/>
								<condition number="1" type="jump" coverage="50%"/>
							</conditions>
						</line>
						<line number="447" hits="0" branch="false"/>
						<line number="448" hits="0" branch="false"/>
						<line number="451" hits="2001" branch="false"/>
						<line number="452" hits="2001" branch="false"/>
						<line number="453" hits="2001" branch="false"/>
						<line number="462" hits="0" branch="false"/>
						<line number="463" hits="0" branch="false"/>
						<line number="470" hits="2967" branch="false"/>
						<line number="472" hits="2967" branch="true" condition-coverage="50% (2/4)">
							<conditions>
								<condition number="0" type="jump" coverage="50%"/>
								<condition number="1" type="jump" coverage="50%"/>
							</conditions>
						</line>
						<line number="473" hits="2967" branch="false"/>
						<line number="476" hits="2967" branch="false"/>
						<line number="477" hits="0" branch="false"/>
						<line number="478" hits="0" branch="false"/>
						<line number="486" hits="0" branch="false"/>
						<line number="490" hits="23" branch="false"/>
						<line number="492" hits="23" branch="false"/>
						<line number="493" hits="23" branch="false"/>
						<line number="494" hits="23" branch="true" condition-coverage="100% (2/2)">
							<conditions>
								<condition number="0" type="jump" coverage="100%"/>
							</conditions>
						</line>
						<line number="495" hits="184" branch="false"/>
						<line number="496" hits="184" branch="false"/>
						<line number="497" hits="23" branch="false"/>
						<line number="499" hits="23" branch="false"/>
						<line number="500" hits="23" branch="false"/>
						<line number="501" hits="23" branch="false"/>
					</lines>
				</class>
				<class name="net.sf.prefixedproperties.config.DefaultPrefixConfig$1" filename="net/sf/prefixedproperties/config/DefaultPrefixConfig.java" line-rate="0.0" branch-rate="0.0" complexity="2.878787878787879">
					<methods>
						<method name="&lt;init&gt;" signature="(Lnet/sf/prefixedproperties/config/DefaultPrefixConfig;Ljava/util/Iterator;)V" line-rate="0.0" branch-rate="1.0">
							<lines>
								<line number="199" hits="0" branch="false"/>
							</lines>
						</method>
						<method name="hasNext" signature="()Z" line-rate="0.0" branch-rate="1.0">
							<lines>
								<line number="203" hits="0" branch="false"/>
							</lines>
						</method>
						<method name="next" signature="()Ljava/lang/Object;" line-rate="0.0" branch-rate="1.0">
							<lines>
								<line number="198" hits="0" branch="false"/>
							</lines>
						</method>
						<method name="next" signature="()Ljava/lang/String;" line-rate="0.0" branch-rate="0.0">
							<lines>
								<line number="208" hits="0" branch="true" condition-coverage="0% (0/2)">
									<conditions>
										<condition number="0" type="jump" coverage="0%"/>
									</conditions>
								</line>
								<line number="209" hits="0" branch="false"/>
								<line number="211" hits="0" branch="false"/>
								<line number="213" hits="0" branch="false"/>
							</lines>
						</method>
						<method name="remove" signature="()V" line-rate="0.0" branch-rate="1.0">
							<lines>
								<line number="219" hits="0" branch="false"/>
								<line number="220" hits="0" branch="false"/>
								<line number="222" hits="0" branch="false"/>
								<line number="223" hits="0" branch="false"/>
								<line number="224" hits="0" branch="false"/>
							</lines>
						</method>
					</methods>
					<lines>
						<line number="198" hits="0" branch="false"/>
						<line number="199" hits="0" branch="false"/>
						<line number="203" hits="0" branch="false"/>
						<line number="208" hits="0" branch="true" condition-coverage="0% (0/2)">
							<conditions>
								<condition number="0" type="jump" coverage="0%"/>
							</conditions>
						</line>
						<line number="209" hits="0" branch="false"/>
						<line number="211" hits="0" branch="false"/>
						<line number="213" hits="0" branch="false"/>
						<line number="219" hits="0" branch="false"/>
						<line number="220" hits="0" branch="false"/>
						<line number="222" hits="0" branch="false"/>
						<line number="223" hits="0" branch="false"/>
						<line number="224" hits="0" branch="false"/>
					</lines>
				</class>
				<class name="net.sf.prefixedproperties.config.DynamicPrefixConfig" filename="net/sf/prefixedproperties/config/DynamicPrefixConfig.java" line-rate="0.875" branch-rate="1.0" complexity="1.1666666666666667">
					<methods>
						<method name="&lt;init&gt;" signature="()V" line-rate="1.0" branch-rate="1.0">
							<lines>
								<line number="40" hits="1955" branch="false"/>
								<line number="41" hits="1955" branch="false"/>
							</lines>
						</method>
						<method name="&lt;init&gt;" signature="(Ljava/lang/String;)V" line-rate="0.0" branch-rate="1.0">
							<lines>
								<line number="50" hits="0" branch="false"/>
								<line number="51" hits="0" branch="false"/>
							</lines>
						</method>
						<method name="addPrefix" signature="(Ljava/lang/String;)V" line-rate="1.0" branch-rate="1.0">
							<lines>
								<line number="60" hits="1656" branch="true" condition-coverage="100% (2/2)">
									<conditions>
										<condition number="0" type="jump" coverage="100%"/>
									</conditions>
								</line>
								<line number="61" hits="713" branch="false"/>
								<line number="62" hits="713" branch="false"/>
								<line number="63" hits="713" branch="false"/>
								<line number="65" hits="1656" branch="false"/>
							</lines>
						</method>
						<method name="isDynamic" signature="()Z" line-rate="1.0" branch-rate="1.0">
							<lines>
								<line number="69" hits="920" branch="false"/>
							</lines>
						</method>
						<method name="setDefaultPrefix" signature="(Ljava/lang/String;)V" line-rate="1.0" branch-rate="1.0">
							<lines>
								<line number="74" hits="598" branch="false"/>
								<line number="75" hits="598" branch="false"/>
								<line number="76" hits="598" branch="false"/>
							</lines>
						</method>
						<method name="setPrefix" signature="(Ljava/lang/String;)V" line-rate="1.0" branch-rate="1.0">
							<lines>
								<line number="83" hits="1058" branch="false"/>
								<line number="84" hits="1058" branch="false"/>
								<line number="85" hits="1058" branch="false"/>
							</lines>
						</method>
					</methods>
					<lines>
						<line number="40" hits="1955" branch="false"/>
						<line number="41" hits="1955" branch="false"/>
						<line number="50" hits="0" branch="false"/>
						<line number="51" hits="0" branch="false"/>
						<line number="60" hits="1656" branch="true" condition-coverage="100% (2/2)">
							<conditions>
								<condition number="0" type="jump" coverage="100%"/>
							</conditions>
						</line>
						<line number="61" hits="713" branch="false"/>
						<line number="62" hits="713" branch="false"/>
						<line number="63" hits="713" branch="false"/>
						<line number="65" hits="1656" branch="false"/>
						<line number="69" hits="920" branch="false"/>
						<line number="74" hits="598" branch="false"/>
						<line number="75" hits="598" branch="false"/>
						<line number="76" hits="598" branch="false"/>
						<line number="83" hits="1058" branch="false"/>
						<line number="84" hits="1058" branch="false"/>
						<line number="85" hits="1058" branch="false"/>
					</lines>
				</class>
				<class name="net.sf.prefixedproperties.config.PrefixConfig" filename="net/sf/prefixedproperties/config/PrefixConfig.java" line-rate="1.0" branch-rate="1.0" complexity="1.0">
					<methods>
					</methods>
					<lines>
					</lines>
				</class>
				<class name="net.sf.prefixedproperties.config.StagingPrefixConfig" filename="net/sf/prefixedproperties/config/StagingPrefixConfig.java" line-rate="1.0" branch-rate="1.0" complexity="1.0">
					<methods>
						<method name="&lt;clinit&gt;" signature="()V" line-rate="1.0" branch-rate="1.0">
							<lines>
								<line number="61" hits="23" branch="false"/>
							</lines>
						</method>
						<method name="&lt;init&gt;" signature="()V" line-rate="1.0" branch-rate="1.0">
							<lines>
								<line number="68" hits="69" branch="false"/>
								<line number="69" hits="69" branch="false"/>
							</lines>
						</method>
						<method name="&lt;init&gt;" signature="(Ljava/lang/String;)V" line-rate="1.0" branch-rate="1.0">
							<lines>
								<line number="78" hits="966" branch="false"/>
								<line number="79" hits="966" branch="false"/>
							</lines>
						</method>
					</methods>
					<lines>
						<line number="61" hits="23" branch="false"/>
						<line number="68" hits="69" branch="false"/>
						<line number="69" hits="69" branch="false"/>
						<line number="78" hits="966" branch="false"/>
						<line number="79" hits="966" branch="false"/>
					</lines>
				</class>
			</classes>
		</package>
	</packages>
</coverage>
